<?xml version="1.0" encoding="UTF-8"?>
<robot generator="Robot 6.1.1 (Python 3.12.0 on win32)" generated="20231106 14:02:06.030" rpa="false" schemaversion="4">
<suite id="s1" name="Alerts" source="C:\Users\hp\PycharmProjects\ROBOT_FRAMEWORK\Mac Folder\Tests\alerts.robot">
<test id="s1-t1" name="Managing with alerts" line="11">
<kw name="Open Browser" library="SeleniumLibrary">
<arg>${url1}</arg>
<arg>${browser}</arg>
<doc>Opens a new browser instance to the optional ``url``.</doc>
<msg timestamp="20231106 14:02:06.269" level="INFO">Opening browser 'chrome' to base url 'https://rahulshettyacademy.com/AutomationPractice/'.</msg>
<status status="PASS" starttime="20231106 14:02:06.269" endtime="20231106 14:02:10.135"/>
</kw>
<kw name="Sleep" library="BuiltIn">
<arg>5</arg>
<doc>Pauses the test executed for the given time.</doc>
<msg timestamp="20231106 14:02:15.136" level="INFO">Slept 5 seconds</msg>
<status status="PASS" starttime="20231106 14:02:10.135" endtime="20231106 14:02:15.136"/>
</kw>
<kw name="Maximize Browser Window" library="SeleniumLibrary">
<doc>Maximizes current browser window.</doc>
<status status="PASS" starttime="20231106 14:02:15.136" endtime="20231106 14:02:15.283"/>
</kw>
<kw name="Alerts" library="alert_instruction">
<kw name="Click Button" library="SeleniumLibrary">
<arg>xpath://input[@id="alertbtn"]</arg>
<doc>Clicks the button identified by ``locator``.</doc>
<msg timestamp="20231106 14:02:15.283" level="INFO">Clicking button 'xpath://input[@id="alertbtn"]'.</msg>
<status status="PASS" starttime="20231106 14:02:15.283" endtime="20231106 14:02:15.389"/>
</kw>
<kw name="Sleep" library="BuiltIn">
<arg>3</arg>
<doc>Pauses the test executed for the given time.</doc>
<msg timestamp="20231106 14:02:18.390" level="INFO">Slept 3 seconds</msg>
<status status="PASS" starttime="20231106 14:02:15.389" endtime="20231106 14:02:18.390"/>
</kw>
<kw name="Handle Alert" library="SeleniumLibrary">
<arg>accept</arg>
<doc>Handles the current alert and returns its message.</doc>
<msg timestamp="20231106 14:02:18.392" level="INFO">HANDLE::&lt;class 'NoneType'&gt;::None</msg>
<status status="PASS" starttime="20231106 14:02:18.392" endtime="20231106 14:02:18.410"/>
</kw>
<status status="PASS" starttime="20231106 14:02:15.283" endtime="20231106 14:02:18.410"/>
</kw>
<kw name="Sleep" library="BuiltIn">
<arg>5</arg>
<doc>Pauses the test executed for the given time.</doc>
<msg timestamp="20231106 14:02:23.411" level="INFO">Slept 5 seconds</msg>
<status status="PASS" starttime="20231106 14:02:18.411" endtime="20231106 14:02:23.411"/>
</kw>
<kw name="Close Browser" library="SeleniumLibrary">
<doc>Closes the current browser.</doc>
<status status="PASS" starttime="20231106 14:02:23.413" endtime="20231106 14:02:25.606"/>
</kw>
<status status="PASS" starttime="20231106 14:02:06.269" endtime="20231106 14:02:25.606"/>
</test>
<status status="PASS" starttime="20231106 14:02:06.030" endtime="20231106 14:02:25.606"/>
</suite>
<statistics>
<total>
<stat pass="1" fail="0" skip="0">All Tests</stat>
</total>
<tag>
</tag>
<suite>
<stat pass="1" fail="0" skip="0" id="s1" name="Alerts">Alerts</stat>
</suite>
</statistics>
<errors>
</errors>
</robot>
