<?xml version="1.0" encoding="UTF-8"?>
<robot generator="Robot 6.1.1 (Python 3.8.2 on win32)" generated="20231124 14:32:40.965" rpa="false" schemaversion="4">
<suite id="s1" name="TestCase Num1" source="C:\Users\hp\PycharmProjects\Robot_General_Store\TestCases\TestCase_Num1.robot">
<test id="s1-t1" name="User Opens the General Store Application and Add shoe in Cart" line="7">
<kw name="User Launches the Application" library="Operations">
<kw name="Open Application" library="AppiumLibrary">
<arg>http://localhost:4723/wd/hub</arg>
<arg>devicename=${Device_name}</arg>
<arg>platformName=${platform_name}</arg>
<arg>appPackage=${App_package}</arg>
<arg>appActivity=${App_activity}</arg>
<doc>Opens a new application to given Appium server.
Capabilities of appium server, Android and iOS,
Please check https://github.com/appium/appium/blob/master/docs/en/writing-running-appium/server-args.md
| *Option*            | *Man.* | *Description*     |
| remote_url          | Yes    | Appium server url |
| alias               | no     | alias             |
| strict_ssl          | No     | allows you to send commands to an invalid certificate host like a self-signed one. |</doc>
<status status="PASS" starttime="20231124 14:32:41.534" endtime="20231124 14:33:00.805"/>
</kw>
<status status="PASS" starttime="20231124 14:32:41.534" endtime="20231124 14:33:00.805"/>
</kw>
<kw name="Enter Details and click Lets shop" library="Operations">
<kw name="Wait Time" library="Common_Keywords">
<kw name="Sleep" library="BuiltIn">
<arg>20s</arg>
<doc>Pauses the test executed for the given time.</doc>
<msg timestamp="20231124 14:33:20.807" level="INFO">Slept 20 seconds</msg>
<status status="PASS" starttime="20231124 14:33:00.806" endtime="20231124 14:33:20.807"/>
</kw>
<status status="PASS" starttime="20231124 14:33:00.806" endtime="20231124 14:33:20.807"/>
</kw>
<kw name="Input Text" library="AppiumLibrary">
<arg>${Name}</arg>
<arg>${Mac}</arg>
<doc>Types the given `text` into text field identified by `locator`.</doc>
<msg timestamp="20231124 14:33:20.812" level="INFO">Typing text 'Meline Macline Dsouza' into text field 'xpath=//*[@text='Enter name here']'</msg>
<msg timestamp="20231124 14:33:21.853" level="INFO">xpath criteria: //*[@text='Enter name here']</msg>
<status status="PASS" starttime="20231124 14:33:20.807" endtime="20231124 14:33:21.853"/>
</kw>
<kw name="Wait Time" library="Common_Keywords">
<kw name="Sleep" library="BuiltIn">
<arg>20s</arg>
<doc>Pauses the test executed for the given time.</doc>
<msg timestamp="20231124 14:33:41.855" level="INFO">Slept 20 seconds</msg>
<status status="PASS" starttime="20231124 14:33:21.854" endtime="20231124 14:33:41.855"/>
</kw>
<status status="PASS" starttime="20231124 14:33:21.853" endtime="20231124 14:33:41.855"/>
</kw>
<kw name="Click Element" library="AppiumLibrary">
<arg>${Female}</arg>
<doc>Click element identified by `locator`.</doc>
<msg timestamp="20231124 14:33:41.859" level="INFO">Clicking element 'id=com.androidsample.generalstore:id/radioFemale'.</msg>
<msg timestamp="20231124 14:33:41.934" level="INFO">criteria is com.androidsample.generalstore:id/radioFemale</msg>
<status status="PASS" starttime="20231124 14:33:41.855" endtime="20231124 14:33:41.934"/>
</kw>
<kw name="Wait Time" library="Common_Keywords">
<kw name="Sleep" library="BuiltIn">
<arg>20s</arg>
<doc>Pauses the test executed for the given time.</doc>
<msg timestamp="20231124 14:34:01.936" level="INFO">Slept 20 seconds</msg>
<status status="PASS" starttime="20231124 14:33:41.936" endtime="20231124 14:34:01.936"/>
</kw>
<status status="PASS" starttime="20231124 14:33:41.936" endtime="20231124 14:34:01.936"/>
</kw>
<status status="PASS" starttime="20231124 14:33:00.805" endtime="20231124 14:34:01.936"/>
</kw>
<kw name="User selects country" library="Operations">
<kw name="Wait for and Click on Element" library="Common_Keywords">
<arg>${country_select}</arg>
<arg>20s</arg>
<kw name="Wait Until Element Is Visible" library="AppiumLibrary">
<arg>${element}</arg>
<arg>${element2}</arg>
<doc>Waits until element specified with `locator` is visible.</doc>
<msg timestamp="20231124 14:34:02.012" level="INFO">criteria is com.androidsample.generalstore:id/spinnerCountry</msg>
<status status="PASS" starttime="20231124 14:34:01.938" endtime="20231124 14:34:02.012"/>
</kw>
<kw name="Click Element" library="AppiumLibrary">
<arg>${element}</arg>
<doc>Click element identified by `locator`.</doc>
<msg timestamp="20231124 14:34:02.017" level="INFO">Clicking element 'id=com.androidsample.generalstore:id/spinnerCountry'.</msg>
<msg timestamp="20231124 14:34:02.091" level="INFO">criteria is com.androidsample.generalstore:id/spinnerCountry</msg>
<status status="PASS" starttime="20231124 14:34:02.012" endtime="20231124 14:34:02.091"/>
</kw>
<status status="PASS" starttime="20231124 14:34:01.937" endtime="20231124 14:34:02.091"/>
</kw>
<kw name="Wait Until Element Is Visible" library="AppiumLibrary">
<arg>${antartica}</arg>
<doc>Waits until element specified with `locator` is visible.</doc>
<msg timestamp="20231124 14:34:03.198" level="INFO">xpath criteria: /hierarchy/android.widget.FrameLayout/android.widget.FrameLayout/android.widget.ListView/android.widget.TextView[8]
xpath criteria: /hierarchy/android.widget.FrameLayout/android.widget.FrameLayout/android.widget.ListView/android.widget.TextView[8]</msg>
<status status="PASS" starttime="20231124 14:34:02.092" endtime="20231124 14:34:03.198"/>
</kw>
<kw name="Click Element" library="AppiumLibrary">
<arg>${antartica}</arg>
<doc>Click element identified by `locator`.</doc>
<msg timestamp="20231124 14:34:03.204" level="INFO">Clicking element 'xpath=/hierarchy/android.widget.FrameLayout/android.widget.FrameLayout/android.widget.ListView/android.widget.TextView[8]'.</msg>
<msg timestamp="20231124 14:34:04.090" level="INFO">xpath criteria: /hierarchy/android.widget.FrameLayout/android.widget.FrameLayout/android.widget.ListView/android.widget.TextView[8]</msg>
<status status="PASS" starttime="20231124 14:34:03.198" endtime="20231124 14:34:04.090"/>
</kw>
<kw name="Wait for and Click on Element" library="Common_Keywords">
<arg>${LetsShop}</arg>
<arg>20s</arg>
<kw name="Wait Until Element Is Visible" library="AppiumLibrary">
<arg>${element}</arg>
<arg>${element2}</arg>
<doc>Waits until element specified with `locator` is visible.</doc>
<msg timestamp="20231124 14:34:04.226" level="INFO">criteria is com.androidsample.generalstore:id/btnLetsShop</msg>
<status status="PASS" starttime="20231124 14:34:04.092" endtime="20231124 14:34:04.226"/>
</kw>
<kw name="Click Element" library="AppiumLibrary">
<arg>${element}</arg>
<doc>Click element identified by `locator`.</doc>
<msg timestamp="20231124 14:34:04.232" level="INFO">Clicking element 'id=com.androidsample.generalstore:id/btnLetsShop'.</msg>
<msg timestamp="20231124 14:34:04.336" level="INFO">criteria is com.androidsample.generalstore:id/btnLetsShop</msg>
<status status="PASS" starttime="20231124 14:34:04.227" endtime="20231124 14:34:04.336"/>
</kw>
<status status="PASS" starttime="20231124 14:34:04.091" endtime="20231124 14:34:04.336"/>
</kw>
<status status="PASS" starttime="20231124 14:34:01.937" endtime="20231124 14:34:04.336"/>
</kw>
<kw name="Swipe By Percentage Products" library="Operations">
<kw name="Get Window Height" library="AppiumLibrary">
<var>${screen_width}</var>
<doc>Get current device height.</doc>
<msg timestamp="20231124 14:34:04.393" level="INFO">${screen_width} = 2088</msg>
<status status="PASS" starttime="20231124 14:34:04.337" endtime="20231124 14:34:04.393"/>
</kw>
<kw name="Get Window Width" library="AppiumLibrary">
<var>${screen_height}</var>
<doc>Get current device width.</doc>
<msg timestamp="20231124 14:34:04.424" level="INFO">${screen_height} = 1080</msg>
<status status="PASS" starttime="20231124 14:34:04.395" endtime="20231124 14:34:04.426"/>
</kw>
<kw name="Set Variable" library="BuiltIn">
<var>${start_x}</var>
<arg>${screen_width * 0.2}</arg>
<doc>Returns the given values which can then be assigned to a variables.</doc>
<msg timestamp="20231124 14:34:04.429" level="INFO">${start_x} = 417.6</msg>
<status status="PASS" starttime="20231124 14:34:04.426" endtime="20231124 14:34:04.429"/>
</kw>
<kw name="Set Variable" library="BuiltIn">
<var>${start_y}</var>
<arg>${screen_height * 1}</arg>
<doc>Returns the given values which can then be assigned to a variables.</doc>
<msg timestamp="20231124 14:34:04.432" level="INFO">${start_y} = 1080</msg>
<status status="PASS" starttime="20231124 14:34:04.430" endtime="20231124 14:34:04.432"/>
</kw>
<kw name="Set Variable" library="BuiltIn">
<var>${end_x}</var>
<arg>${screen_width * 0.2}</arg>
<doc>Returns the given values which can then be assigned to a variables.</doc>
<msg timestamp="20231124 14:34:04.435" level="INFO">${end_x} = 417.6</msg>
<status status="PASS" starttime="20231124 14:34:04.433" endtime="20231124 14:34:04.435"/>
</kw>
<kw name="Set Variable" library="BuiltIn">
<var>${end_y}</var>
<arg>${screen_height * 0.2}</arg>
<doc>Returns the given values which can then be assigned to a variables.</doc>
<msg timestamp="20231124 14:34:04.437" level="INFO">${end_y} = 216.0</msg>
<status status="PASS" starttime="20231124 14:34:04.436" endtime="20231124 14:34:04.439"/>
</kw>
<kw name="Swipe" library="AppiumLibrary">
<arg>${start_x}</arg>
<arg>${start_y}</arg>
<arg>${end_x}</arg>
<arg>${end_y}</arg>
<arg>duration=500</arg>
<doc>Swipe from one point to another point, for an optional duration.</doc>
<status status="PASS" starttime="20231124 14:34:04.439" endtime="20231124 14:34:07.379"/>
</kw>
<status status="PASS" starttime="20231124 14:34:04.337" endtime="20231124 14:34:07.379"/>
</kw>
<kw name="Add AirJordanMidSE to Cart" library="Operations">
<kw name="Wait for and Click on Element" library="Common_Keywords">
<arg>${NikeBlazerMid}</arg>
<arg>10s</arg>
<kw name="Wait Until Element Is Visible" library="AppiumLibrary">
<arg>${element}</arg>
<arg>${element2}</arg>
<doc>Waits until element specified with `locator` is visible.</doc>
<msg timestamp="20231124 14:34:08.353" level="INFO">xpath criteria: /hierarchy/android.widget.FrameLayout/android.widget.LinearLayout/android.widget.FrameLayout/android.widget.LinearLayout/android.widget.FrameLayout/android.view.ViewGroup/android.widget.RelativeLayout/android.widget.FrameLayout/android.support.v7.widget.RecyclerView/android.widget.RelativeLayout[2]/android.widget.LinearLayout/android.widget.LinearLayout[2]</msg>
<status status="PASS" starttime="20231124 14:34:07.383" endtime="20231124 14:34:08.353"/>
</kw>
<kw name="Click Element" library="AppiumLibrary">
<arg>${element}</arg>
<doc>Click element identified by `locator`.</doc>
<msg timestamp="20231124 14:34:08.358" level="INFO">Clicking element 'xpath=/hierarchy/android.widget.FrameLayout/android.widget.LinearLayout/android.widget.FrameLayout/android.widget.LinearLayout/android.widget.FrameLayout/android.view.ViewGroup/android.widget.RelativeLayout/android.widget.FrameLayout/android.support.v7.widget.RecyclerView/android.widget.RelativeLayout[2]/android.widget.LinearLayout/android.widget.LinearLayout[2]'.</msg>
<msg timestamp="20231124 14:34:08.682" level="INFO">xpath criteria: /hierarchy/android.widget.FrameLayout/android.widget.LinearLayout/android.widget.FrameLayout/android.widget.LinearLayout/android.widget.FrameLayout/android.view.ViewGroup/android.widget.RelativeLayout/android.widget.FrameLayout/android.support.v7.widget.RecyclerView/android.widget.RelativeLayout[2]/android.widget.LinearLayout/android.widget.LinearLayout[2]</msg>
<status status="PASS" starttime="20231124 14:34:08.353" endtime="20231124 14:34:08.682"/>
</kw>
<status status="PASS" starttime="20231124 14:34:07.382" endtime="20231124 14:34:08.683"/>
</kw>
<status status="PASS" starttime="20231124 14:34:07.381" endtime="20231124 14:34:08.683"/>
</kw>
<kw name="Check in cart" library="Operations">
<kw name="Wait for and Click on Element" library="Common_Keywords">
<arg>${cart}</arg>
<arg>10s</arg>
<kw name="Wait Until Element Is Visible" library="AppiumLibrary">
<arg>${element}</arg>
<arg>${element2}</arg>
<doc>Waits until element specified with `locator` is visible.</doc>
<msg timestamp="20231124 14:34:09.326" level="INFO">criteria is com.androidsample.generalstore:id/appbar_btn_cart</msg>
<status status="PASS" starttime="20231124 14:34:08.684" endtime="20231124 14:34:09.326"/>
</kw>
<kw name="Click Element" library="AppiumLibrary">
<arg>${element}</arg>
<doc>Click element identified by `locator`.</doc>
<msg timestamp="20231124 14:34:09.333" level="INFO">Clicking element 'id=com.androidsample.generalstore:id/appbar_btn_cart'.</msg>
<msg timestamp="20231124 14:34:09.403" level="INFO">criteria is com.androidsample.generalstore:id/appbar_btn_cart</msg>
<status status="PASS" starttime="20231124 14:34:09.326" endtime="20231124 14:34:09.403"/>
</kw>
<status status="PASS" starttime="20231124 14:34:08.684" endtime="20231124 14:34:09.403"/>
</kw>
<kw name="Wait for and Click on Element" library="Common_Keywords">
<arg>${Checkbox}</arg>
<arg>10s</arg>
<kw name="Wait Until Element Is Visible" library="AppiumLibrary">
<arg>${element}</arg>
<arg>${element2}</arg>
<doc>Waits until element specified with `locator` is visible.</doc>
<status status="PASS" starttime="20231124 14:34:09.404" endtime="20231124 14:34:10.907"/>
</kw>
<kw name="Click Element" library="AppiumLibrary">
<arg>${element}</arg>
<doc>Click element identified by `locator`.</doc>
<msg timestamp="20231124 14:34:10.912" level="INFO">Clicking element 'class=android.widget.CheckBox'.</msg>
<status status="PASS" starttime="20231124 14:34:10.909" endtime="20231124 14:34:10.985"/>
</kw>
<status status="PASS" starttime="20231124 14:34:09.403" endtime="20231124 14:34:10.986"/>
</kw>
<kw name="Wait for and Click on Element" library="Common_Keywords">
<arg>${websiteLink}</arg>
<arg>10s</arg>
<kw name="Wait Until Element Is Visible" library="AppiumLibrary">
<arg>${element}</arg>
<arg>${element2}</arg>
<doc>Waits until element specified with `locator` is visible.</doc>
<msg timestamp="20231124 14:34:11.542" level="INFO">criteria is com.androidsample.generalstore:id/btnProceed</msg>
<status status="PASS" starttime="20231124 14:34:10.987" endtime="20231124 14:34:11.542"/>
</kw>
<kw name="Click Element" library="AppiumLibrary">
<arg>${element}</arg>
<doc>Click element identified by `locator`.</doc>
<msg timestamp="20231124 14:34:11.547" level="INFO">Clicking element 'id=com.androidsample.generalstore:id/btnProceed'.</msg>
<msg timestamp="20231124 14:34:11.609" level="INFO">criteria is com.androidsample.generalstore:id/btnProceed</msg>
<status status="PASS" starttime="20231124 14:34:11.542" endtime="20231124 14:34:11.610"/>
</kw>
<status status="PASS" starttime="20231124 14:34:10.986" endtime="20231124 14:34:11.610"/>
</kw>
<kw name="Wait Time" library="Common_Keywords">
<kw name="Sleep" library="BuiltIn">
<arg>20s</arg>
<doc>Pauses the test executed for the given time.</doc>
<msg timestamp="20231124 14:34:31.612" level="INFO">Slept 20 seconds</msg>
<status status="PASS" starttime="20231124 14:34:11.612" endtime="20231124 14:34:31.612"/>
</kw>
<status status="PASS" starttime="20231124 14:34:11.610" endtime="20231124 14:34:31.612"/>
</kw>
<status status="PASS" starttime="20231124 14:34:08.683" endtime="20231124 14:34:31.612"/>
</kw>
<tag>BasicDetails</tag>
<status status="PASS" starttime="20231124 14:32:41.534" endtime="20231124 14:34:31.613"/>
</test>
<test id="s1-t2" name="Add Item to Cart" line="17">
<kw name="Swipe By Percentage Products" library="Operations">
<kw name="Get Window Height" library="AppiumLibrary">
<var>${screen_width}</var>
<doc>Get current device height.</doc>
<msg timestamp="20231124 14:34:31.634" level="INFO">${screen_width} = 2088</msg>
<status status="PASS" starttime="20231124 14:34:31.616" endtime="20231124 14:34:31.634"/>
</kw>
<kw name="Get Window Width" library="AppiumLibrary">
<var>${screen_height}</var>
<doc>Get current device width.</doc>
<msg timestamp="20231124 14:34:31.650" level="INFO">${screen_height} = 1080</msg>
<status status="PASS" starttime="20231124 14:34:31.634" endtime="20231124 14:34:31.650"/>
</kw>
<kw name="Set Variable" library="BuiltIn">
<var>${start_x}</var>
<arg>${screen_width * 0.2}</arg>
<doc>Returns the given values which can then be assigned to a variables.</doc>
<msg timestamp="20231124 14:34:31.652" level="INFO">${start_x} = 417.6</msg>
<status status="PASS" starttime="20231124 14:34:31.650" endtime="20231124 14:34:31.652"/>
</kw>
<kw name="Set Variable" library="BuiltIn">
<var>${start_y}</var>
<arg>${screen_height * 1}</arg>
<doc>Returns the given values which can then be assigned to a variables.</doc>
<msg timestamp="20231124 14:34:31.654" level="INFO">${start_y} = 1080</msg>
<status status="PASS" starttime="20231124 14:34:31.652" endtime="20231124 14:34:31.654"/>
</kw>
<kw name="Set Variable" library="BuiltIn">
<var>${end_x}</var>
<arg>${screen_width * 0.2}</arg>
<doc>Returns the given values which can then be assigned to a variables.</doc>
<msg timestamp="20231124 14:34:31.657" level="INFO">${end_x} = 417.6</msg>
<status status="PASS" starttime="20231124 14:34:31.654" endtime="20231124 14:34:31.657"/>
</kw>
<kw name="Set Variable" library="BuiltIn">
<var>${end_y}</var>
<arg>${screen_height * 0.2}</arg>
<doc>Returns the given values which can then be assigned to a variables.</doc>
<msg timestamp="20231124 14:34:31.659" level="INFO">${end_y} = 216.0</msg>
<status status="PASS" starttime="20231124 14:34:31.657" endtime="20231124 14:34:31.659"/>
</kw>
<kw name="Swipe" library="AppiumLibrary">
<arg>${start_x}</arg>
<arg>${start_y}</arg>
<arg>${end_x}</arg>
<arg>${end_y}</arg>
<arg>duration=500</arg>
<doc>Swipe from one point to another point, for an optional duration.</doc>
<status status="PASS" starttime="20231124 14:34:31.659" endtime="20231124 14:34:36.165"/>
</kw>
<status status="PASS" starttime="20231124 14:34:31.616" endtime="20231124 14:34:36.166"/>
</kw>
<kw name="Add AirJordanMidSE to Cart" library="Operations">
<kw name="Wait for and Click on Element" library="Common_Keywords">
<arg>${NikeBlazerMid}</arg>
<arg>10s</arg>
<kw name="Wait Until Element Is Visible" library="AppiumLibrary">
<arg>${element}</arg>
<arg>${element2}</arg>
<doc>Waits until element specified with `locator` is visible.</doc>
<msg timestamp="20231124 14:34:46.835" level="INFO">&lt;?xml version='1.0' encoding='UTF-8' standalone='yes' ?&gt;
&lt;hierarchy index="0" class="hierarchy" rotation="0" width="1080" height="2088"&gt;
  &lt;android.widget.FrameLayout index="0" package="com.androidsample.generalstore" class="android.widget.FrameLayout" text="" checkable="false" checked="false" clickable="false" enabled="true" focusable="false" focused="false" long-clickable="false" password="false" scrollable="false" selected="false" bounds="[0,0][1080,2088]" displayed="true"&gt;
    &lt;android.widget.LinearLayout index="0" package="com.androidsample.generalstore" class="android.widget.LinearLayout" text="" checkable="false" checked="false" clickable="false" enabled="true" focusable="false" focused="false" long-clickable="false" password="false" scrollable="false" selected="false" bounds="[0,0][1080,2088]" displayed="true"&gt;
      &lt;android.widget.FrameLayout index="0" package="com.androidsample.generalstore" class="android.widget.FrameLayout" text="" checkable="false" checked="false" clickable="false" enabled="true" focusable="false" focused="false" long-clickable="false" password="false" scrollable="false" selected="false" bounds="[0,66][1080,2088]" displayed="true"&gt;
        &lt;android.widget.LinearLayout index="0" package="com.androidsample.generalstore" class="android.widget.LinearLayout" text="" resource-id="com.androidsample.generalstore:id/action_bar_root" checkable="false" checked="false" clickable="false" enabled="true" focusable="false" focused="false" long-clickable="false" password="false" scrollable="false" selected="false" bounds="[0,66][1080,2088]" displayed="true"&gt;
          &lt;android.widget.FrameLayout index="0" package="com.androidsample.generalstore" class="android.widget.FrameLayout" text="" resource-id="android:id/content" checkable="false" checked="false" clickable="false" enabled="true" focusable="false" focused="false" long-clickable="false" password="false" scrollable="false" selected="false" bounds="[0,66][1080,2088]" displayed="true"&gt;
            &lt;android.view.ViewGroup index="0" package="com.androidsample.generalstore" class="android.view.ViewGroup" text="" checkable="false" checked="false" clickable="false" enabled="true" focusable="false" focused="false" long-clickable="false" password="false" scrollable="false" selected="false" bounds="[0,66][1080,2088]" displayed="true"&gt;
              &lt;android.widget.RelativeLayout index="0" package="com.androidsample.generalstore" class="android.widget.RelativeLayout" text="" checkable="false" checked="false" clickable="false" enabled="true" focusable="false" focused="false" long-clickable="false" password="false" scrollable="false" selected="false" bounds="[0,66][1080,2088]" displayed="true"&gt;
                &lt;android.webkit.WebView index="0" package="com.androidsample.generalstore" class="android.webkit.WebView" text="" checkable="false" checked="false" clickable="false" enabled="true" focusable="false" focused="false" long-clickable="false" password="false" scrollable="false" selected="false" bounds="[0,66][1080,2088]" displayed="true"&gt;
                  &lt;android.webkit.WebView index="0" package="com.androidsample.generalstore" class="android.webkit.WebView" text="" content-desc="Google" checkable="false" checked="false" clickable="false" enabled="true" focusable="true" focused="true" long-clickable="false" password="false" scrollable="true" selected="false" bounds="[0,66][1080,2088]" displayed="true"&gt;
                    &lt;android.view.View index="1" package="com.androidsample.generalstore" class="android.view.View" text="" content-desc="" resource-id="hplogoo" checkable="false" checked="false" clickable="false" enabled="true" focusable="false" focused="false" long-clickable="false" password="false" scrollable="false" selected="false" bounds="[288,66][792,283]" displayed="true"&gt;
                      &lt;android.widget.Image index="0" package="com.androidsample.generalstore" class="android.widget.Image" text="" content-desc="googlelogo_tablet_tier1_hp_color_183x64dp" resource-id="hplogo" checkable="false" checked="false" clickable="false" enabled="true" focusable="false" focused="false" long-clickable="false" password="false" scrollable="false" selected="false" bounds="[288,66][792,239]" displayed="true" /&gt;
                    &lt;/android.view.View&gt;
                    &lt;android.view.View index="2" package="com.androidsample.generalstore" class="android.view.View" text="" content-desc="" resource-id="tsf" checkable="false" checked="false" clickable="false" enabled="true" focusable="false" focused="false" long-clickable="false" password="false" scrollable="false" selected="false" bounds="[22,308][1058,409]" displayed="true"&gt;
                      &lt;android.view.View index="0" package="com.androidsample.generalstore" class="android.view.View" text="" content-desc="" resource-id="kDsbZd" checkable="false" checked="false" clickable="false" enabled="true" focusable="false" focused="false" long-clickable="false" password="false" scrollable="false" selected="false" bounds="[22,308][1058,409]" displayed="true"&gt;
                        &lt;android.view.View index="0" package="com.androidsample.generalstore" class="android.view.View" text="" content-desc="" resource-id="tsfi" checkable="false" checked="false" clickable="false" enabled="true" focusable="false" focused="false" long-clickable="false" password="false" scrollable="false" selected="false" bounds="[22,308][954,409]" displayed="true"&gt;
                          &lt;android.widget.EditText index="0" package="com.androidsample.generalstore" class="android.widget.EditText" text="" resource-id="mib" checkable="false" checked="false" clickable="true" enabled="true" focusable="true" focused="false" long-clickable="false" password="false" scrollable="false" selected="false" bounds="[46,310][885,407]" displayed="true" /&gt;
                        &lt;/android.view.View&gt;
                        &lt;android.widget.Button index="1" package="com.androidsample.generalstore" class="android.widget.Button" text="" content-desc="" resource-id="tsbb" checkable="false" checked="false" clickable="true" enabled="true" focusable="true" focused="false" long-clickable="false" password="false" scrollable="false" selected="false" bounds="[954,308][1058,409]" displayed="true" /&gt;
                      &lt;/android.view.View&gt;
                    &lt;/android.view.View&gt;
                    &lt;android.view.View index="3" package="com.androidsample.generalstore" class="android.view.View" text="" content-desc="" resource-id="footer" checkable="false" checked="false" clickable="false" enabled="true" focusable="false" focused="false" long-clickable="false" password="false" scrollable="false" selected="false" bounds="[0,1743][1080,2088]" displayed="true"&gt;
                      &lt;android.view.View index="0" package="com.androidsample.generalstore" class="android.view.View" text="" content-desc="" checkable="false" checked="false" clickable="false" enabled="true" focusable="false" focused="false" long-clickable="false" password="false" scrollable="false" selected="false" bounds="[0,1798][1080,1804]" displayed="true" /&gt;
                      &lt;android.view.View index="1" package="com.androidsample.generalstore" class="android.view.View" text="" content-desc="" checkable="false" checked="false" clickable="false" enabled="true" focusable="false" focused="false" long-clickable="false" password="false" scrollable="false" selected="false" bounds="[0,1831][1080,1908]" displayed="true"&gt;
                        &lt;android.view.View index="0" package="com.androidsample.generalstore" class="android.view.View" text="" content-desc="Privacy" checkable="false" checked="false" clickable="true" enabled="true" focusable="true" focused="false" long-clickable="false" password="false" scrollable="false" selected="false" bounds="[382,1848][500,1889]" displayed="true" /&gt;
                        &lt;android.view.View index="1" package="com.androidsample.generalstore" class="android.view.View" text="" content-desc="Terms" checkable="false" checked="false" clickable="true" enabled="true" focusable="true" focused="false" long-clickable="false" password="false" scrollable="false" selected="false" bounds="[594,1848][698,1889]" displayed="true" /&gt;
                      &lt;/android.view.View&gt;
                      &lt;android.view.View index="2" package="com.androidsample.generalstore" class="android.view.View" text="" content-desc="" checkable="false" checked="false" clickable="false" enabled="true" focusable="false" focused="false" long-clickable="false" password="false" scrollable="false" selected="false" bounds="[0,1908][1080,1985]" displayed="true"&gt;
                        &lt;android.view.View index="0" package="com.androidsample.generalstore" class="android.view.View" text="" content-desc="Settings" checkable="false" checked="false" clickable="true" enabled="true" focusable="true" focused="false" long-clickable="false" password="false" scrollable="false" selected="false" bounds="[264,1925][396,1966]" displayed="true" /&gt;
                        &lt;android.view.View index="1" package="com.androidsample.generalstore" class="android.view.View" text="" content-desc="Feedback" checkable="false" checked="false" clickable="true" enabled="true" focusable="true" focused="false" long-clickable="false" password="false" scrollable="false" selected="false" bounds="[489,1925][646,1966]" displayed="true" /&gt;
                        &lt;android.view.View index="2" package="com.androidsample.generalstore" class="android.view.View" text="" content-desc="Help" checkable="false" checked="false" clickable="true" enabled="true" focusable="true" focused="false" long-clickable="false" password="false" scrollable="false" selected="false" bounds="[742,1925][816,1966]" displayed="true" /&gt;
                      &lt;/android.view.View&gt;
                      &lt;android.view.View index="3" package="com.androidsample.generalstore" class="android.view.View" text="" content-desc="" checkable="false" checked="false" clickable="false" enabled="true" focusable="false" focused="false" long-clickable="false" password="false" scrollable="false" selected="false" bounds="[0,1985][1080,2062]" displayed="true"&gt;
                        &lt;android.view.View index="0" package="com.androidsample.generalstore" class="android.view.View" text="" content-desc="Advertising" checkable="false" checked="false" clickable="true" enabled="true" focusable="true" focused="false" long-clickable="false" password="false" scrollable="false" selected="false" bounds="[231,2002][415,2043]" displayed="true" /&gt;
                        &lt;android.view.View index="1" package="com.androidsample.generalstore" class="android.view.View" text="" content-desc="Business" checkable="false" checked="false" clickable="true" enabled="true" focusable="true" focused="false" long-clickable="false" password="false" scrollable="false" selected="false" bounds="[508,2002][657,2043]" displayed="true" /&gt;
                        &lt;android.view.View index="2" package="com.androidsample.generalstore" class="android.view.View" text="" content-desc="About" checkable="false" checked="false" clickable="true" enabled="true" focusable="true" focused="false" long-clickable="false" password="false" scrollable="false" selected="false" bounds="[750,2002][849,2043]" displayed="true" /&gt;
                      &lt;/android.view.View&gt;
                    &lt;/android.view.View&gt;
                  &lt;/android.webkit.WebView&gt;
                &lt;/android.webkit.WebView&gt;
              &lt;/android.widget.RelativeLayout&gt;
            &lt;/android.view.ViewGroup&gt;
          &lt;/android.widget.FrameLayout&gt;
        &lt;/android.widget.LinearLayout&gt;
      &lt;/android.widget.FrameLayout&gt;
    &lt;/android.widget.LinearLayout&gt;
  &lt;/android.widget.FrameLayout&gt;
&lt;/hierarchy&gt;</msg>
<kw name="Capture Page Screenshot" library="AppiumLibrary">
<doc>Takes a screenshot of the current page and embeds it into the log.</doc>
<msg timestamp="20231124 14:34:47.320" level="INFO" html="true">&lt;/td&gt;&lt;/tr&gt;&lt;tr&gt;&lt;td colspan="3"&gt;&lt;img src="data:image/png;base64, iVBORw0KGgoAAAANSUhEUgAABDgAAAisCAYAAACtR1KuAAAABHNCSVQICAgIfAhkiAAAIABJREFU
eJzs3WdzHFmW5vn/ue6hAxoEZYrKqu7tqZ2esf1C+21XmI3Z7th2V5fOTEpoEVq433v2xQ2QzOwU
RZCZQJDPzwwJkCACHgHAE/7EEbbzH/+7IyIiIiIiIiKyxsJtH4CIiIiIiIiIyPtSwCEiIiIiIiIi
a08Bh4iIiIiIiIisPQUcIiIiIiIiIrL2FHCIiIiIiIiIyNpTwCEiIiIiIiIia08Bh4iIiIiIiIis
PQUcIiIiIiIiIrL2FHCIiIiIiIiIyNpTwCEiIiIiIiIia08Bh4iIiIiIiIisPQUcIiIiIiIiIrL2
FHCIiIiIiIiIyNpTwCEiIiIiIiIia08Bh4iIiIiIiIisPQUcIiIiIiIiIrL2FHCIiIiIiIiIyNpT
wCEiIiIiIiIia08Bh4iIiIiIiIisPQUcIiIiIiIiIrL2FHCIiIiIiIiIyNpTwCEiIiIiIiIia08B
h4iIiIiIiIisPQUcIiIiIiIiIrL2FHCIiIiIiIiIyNpTwCEiIiIiIiIia08Bh4iIiIiIiIisPQUc
IiIiIiIiIrL2FHCIiIiIiIiIyNpTwCEiIiIiIiIia08Bh4iIiIiIiIisPQUcIiIiIiIiIrL2FHCI
iIiIiIiIyNpTwCEiIiIiIiIia08Bh4iIiIiIiIisPQUcIiIiIiIiIrL2FHCIiIiIiIiIyNpTwCEi
IiIiIiIia08Bh4iIiIiIiIisPQUcIiIiIiIiIrL2FHCIiIiIiIiIyNpTwCEiIiIiIiIia08Bh4iI
iIiIiIisPQUcIiIiIiIiIrL2FHCIiIiIiIiIyNpTwCEiIiIiIiIia08Bh4iIiIiIiIisPQUcIiIi
IiIiIrL2FHCIiIiIiIiIyNpTwCEiIiIiIiIia08Bh4iIiIiIiIisPQUcIiIiIiIiIrL2FHCIiIiI
iIiIyNpTwCEiIiIiIiIia08Bh4iIiIiIiIisPQUcIiIiIiIiIrL2FHCIiIiIiIiIyNpTwCEiIiIi
IiIia08Bh4iIiIiIiIisPQUcIiIiIiIiIrL2FHCIiIiIiIiIyNpTwCEiIiIiIiIia08Bh4iIiIiI
iIisPQUcIiIiIiIiIrL2FHCIiIiIiIiIyNozd/fbPggRkXWSHJa1s6yN6cIZzZ3hDMYLZ7p0xnNn
vnTmS5jXsKxhXjlV7dQRYsq3kdyJ0cEAAzMjAIUZZTDKEhoFNBvQLI1WCZ0mdFtGt2l0m9Bvw2Yn
sNGGzY7RKKAIUBZ22w+TiIiIiMivqrztAxARuYvcwclhREy+em3E5CxrWNTObBVmXE3hapIYzmGy
cAbTxGzJ65d55UyXiWUNMfJWyOHElAMOB8xW4cYq4Gg2jEYJrQa0Smg3jV4Lei2j34Z+y9jsGlud
xHbX2O46naa9DkXKVdBRGISQg4+g3ENEREREPlKq4BAR+Z7k18EGjOeJ6RJGM2c0z6/HC5gtnekC
JovErHoTZFxXayxrqCJUNVQxV27UyUmr2/VVBcfrE/AqeAgYwSCYUQQoCl5XZeTgwmitqjmaJXSa
RruRg41OM4cf1y9bHWOzY2y0odPK4UiztFwwoqBDRERERD4yquAQEfkeXwUcVcxhxtUETobO6cg5
HToXE2cyzy/z+vtVHm+qM9ztdZgRV1myu5HcV3nGWynDKulwg+T2+mNCMpa1E8wwc4I5xaoqowhG
Ea7/zimLHGhsto3trnF/K3B/07i3aWw5tMpc3WGaviQiIiIiHyEFHCLySUv+3UBjWa+qM5a53eRs
5FxOnJNh4mwEJ8PExdiZVzBdOFX8qVv/oQI5/9H3wHVrjL/+p/H1v3z7I/7z3zkOlthoBzZaxnY3
MJ4nRjNjODN2+oHRHDbaTrtptMtczVGEXAkiIrIOao9MqxnjasoiLomeSJ7e6TbKUFBYQSOUdMo2
3bJNq2j+QkcsIiK/Jv1aKyKftJjyTIzp0hlMnfPx6mWUg4zRPIcd47kzWeTXsyp/TLpDDX5Grvqo
apiQK0oWtXMxgVdXgV4rsdkxdnpwsBnY3zB2eoF+O8/5wNW2IiJ337xe8GJ8xN8HzziZXbCISxax
wt8h5Og3unQbXbaafZ70H/BZ/wGtjgIOEZGPgQIOEfmkxZQHho7nzvHAeXqWeHaWeHkZeXWRWEYj
+ttzM94MIL1rE4wMy7M/ameycC4nObQoi0S7YbQbcG8Dvrpf8tW9kFtlLG9fUbghIutgHhe8nBzz
P07+nb8PnjKuZkyWU+I7BBz7nR322tscdPapPbLd2mS/s/MLHrWIiPxaFHCIyCfjOpiYV3mF63SZ
20+uJs75KFduHA1yO8r5GMaL1WBQh+/My7jDru9jbm/J6gh1dBYVgFEWiWXtXE4S+xuB0+FqdkcH
eq1AEfI8D21cEZG7xt2pUs28njOuZoyXU8bV9J3aVNpFi3bRZt5cUMX6nVtcRETk7lLAISKfjOuq
i9kSLlatKIeXiaOrxMkwMZ7DcH7djuLU6W61odzU9bpbgMkCjgaJ6dK4mhjHA+doYDzeMT7bKzBz
WmVeJxuKWz1sEREREZF3ooBDRD4J1+0kyWE8h9OR8+1p4uvjyN+PIkdXiWSrrSevqzU+jhKGvJEl
hxzL2hlM4SVOrwX9Nmx1jP/6WUGjMDrNAJgGj4qIiIjI2tGvsCLy0XLPLSYx5cqFs9Xg0Os2lKMr
OB3mVbAR8o5W48dXnHxk6pirWSDPHokJzsbObh8ebAV2eoFeC3ottauIiIiIyN2ngENEPlrJ80X8
vMrrXv92nPj7ceR0BINJ3jAyWzqzJaRVuHHXBof+kqrVJpgqwrNz53xS8+Iy8NluYDKHJ7twsGl0
mgo4REREROTuU8AhIh+dmPKa1GUNo3le//riIocbf3qVuJxcr359+6Psk6ncuJYcUswBx6xKnK3m
kswrf2tjTKDZcLpNoyygqbkcIiIiInJHKeAQkY/OvHKmC7icOkdXzvPzxKvLxOGVczWF6TJf1Msb
hoEby8q5GMPXJKZLGM3zy8GWsdM17m0aBlorKyIiIiJ3jgIOEfnoXFdunA6dp6eRP77K4cZkkZgs
coXHx7Ad5UPy1W7ZOhpXk7xGd7JIVDUsKyemQGHG/kYB9rGMXxURERGRj4kCDhH5KNQRquhUMQ8O
fXWVeHaW+PY08fQscTby3JLxCwYbwXJlQwhQGJSFUYTVytXr961eX1dB2FulEO65NeR6nW1uEcmv
r9tuotvrt/ng9yff9myZZ5NUNRiJZW00C+g2Cx7tQFlAo0BzOURERETkTlHAISIfhdnSGc2d4Qy+
Pol8fZIDjsupM1n4r1KxURZGo4Bmw+is5lZ0mvnvWo38+u1w4DrsuOYYKeVjrWqnTkYVnXmVq1Lm
VZ4dMl3mCouYgF+wGmUZc0tPXSe2OsZmN3E5CXSb0GsbLf0fRERERETuEP16KiIfhXkFV1M4vMrb
Uv7jReTZeSKtKh5+jYCjCDnI6LZgu5tnVmx2csjRbUKnmd/fbkARjKLIlR5gr6s3oudQY1k5syrf
r/E8hzTjuXE5zXckJiCugptf6L5Vdd42M5wkdvuJvb5xMU7QD7QaTqtUCYeIiIiI3B0KOERkbdUR
FnWu3nh5mXh54Xx9Enl+njelLCr/oNMwrysuyiKHFJ0GdJr57XYTuk2j28oBR79lbLTzn1sl+WVV
xdEsjWBOCLmFBXIrirvlNpRkVNFYxlXlxtKZVc68MoazxHgB43liUb1ZczuvYLpw5jUsqtV9v8Gk
jLc/olk4mx1js1PwaMfY3zD6q8oNtaeIiIiIyF2jgENE1ladcnXD1dR5dZl4epr421HkcurMltcX
+De70P8h1zM0WiVsdoy9vrHbg51eYLsH/Xag3YBuC1ql0SzzWtWyyCtWC8tVHkXIszdCMOz18eUq
juS2mrth1NGJDlVt1ClvfplXxqJ2ZsvAdOGv7//lBM7HiaupMyIHP+6et6PchDvtRt6a8mSv4LM9
4/6Wsd3N96vUulgRERERuWMUcIjI2qojDGbO0SCHG389ivzhebye3vnBV30Ey0FFu2HsduGzXePJ
rvFoJ/B4N1dstBu5auMfZz/y9g/9OXN/synmauocD/K8kXYjYJaok3M18zzA9CbtK7mchHYDHu4U
/P5JwWe7xsFmYLev0g0RERERuZsUcIjIWomrSoZF5ZyOnG9OEn8/jjw9S1xO+WAtKdc302tBd9Vu
stUxtrrGdhd2erllY68f2O7m6o1fq7LBDIoCWg3YaIN7oAiw1YMH28bVxDgbB4azPENjNHOWMbex
xPQjt7l63Qi5LWWnl0Obrw4Cj3eM3X6g0/zl75uIiIiIyE0p4BCRtZI8X6gPZ3B0lfj6JPJvzyOX
4zyU88MEHLnswQx6LeNgy3i0HXi4nV/vbRid1TDRdiPP1Gg1WK2E/XUqHILlSpIy5GPY7OQgYjg3
xvOCwTRXdTw7TxxewnhBbnn5kYAj322nWcL+ZuA394wvDwo+3ws82c2bU5oaKioiIiIid5gCDhFZ
C+45dqgiDKeJo0HixYXz7Czx9CyyqADsvQKOPEQ0t6G0Gvnl4U5uQfliz/h8r+DJbp69UawGhP5K
ecYPHmsooFEYnSZsrWow5lXBvHImi7y9Jc/8cC4nTjAYzaGKThUd9/wxRq7caJaw2zMebMFX9wu+
vBe4v5XnjJSFwg0RERERudsUcIjIWojJqROMZnB05fzlyPn6JHE2yltH3jdpCJbbS5olbHcDD7bz
hf79rcD+RuBg09juGb3W7QYbP6cITqsEI1ebNEtjfzNxNsoVL8eD/Pbp2IlxlRp5brk52MpVIJ/v
F3y2l+9zv5WHoYqIiIiI3HUKOERkLSTPQ0WnC+d0mPjmJA8WHczy+96XWV7h2m7mIOOL/cA/PzDu
bQQ2OnnuRqsRaBS8Xu16F0OOIhhhta3l3iZsdvOskJOB02/lAKdOiYspOeDAwJ3NTuDJrvHV/YIH
W8bD7cBOL7el3MG7KSIiIiLynyjgEJG1MF2S18Fe5ZfDS+dkmKgT+HtcghcBymC0m7DdNXb7xmd7
ga8OAr+7H9jscIPNKLcn5I2zFOHNzIx++3ptrVEWRkzOMgbmS8cTpGg83g18eZDbUnZ7xk4vzx8R
EREREVkXCjhEZC1cjp1vzxJfnyReXCSG89yyktxwv3kJR7thdJs52Hi8Y3y52hpyfyuw1c1rX4vw
AUpEblEZ8rYVgLIINMuCra4xXzp1hKqG3xwEvtjPMze6TdNAURERERFZOwo4RGQtXE7zzI0/HybO
RzngqBLvFW4AtErY6hj3N/NK1P/+RcGjHaNV5naOj2H8RKMwNjq5ImOzA1sdeLAVmC1hXiXmFTze
CTzeDez2crvOx3C/RUREROTTooBDRO6sReUsaphXzskgcTJ0TofOZJG3qdw022gUeVNKo3Ae7hif
7eaZG9cbUrpNKArjzeKQ9b/av9660mnCVjcPSl3UUNWBZczbU3qt/LiIiIiIiKwjBRwicmctozGe
O1cT52ICF2NnOHOWEWK6+e2Wqwv9XisP0/zt/cBv7hVs9/LfF4VhrAZwfmSC5bYcM+isHsfkedVs
Q+GGiIiIiKwxBRwicmfNl85g6hxe+Wq9aeJq+v7zMBqF02sZu/3A5/uB3z8p+OpeoAg5AMjbUT6+
cAPy8NFOEzrN6/v3cd5PEREREfn0KOAQkTvHHRwYzROHV85fDiNHV4lZdfPbDJaHbRYhz9t4vBf4
ct/4Ys/YaOcLf7O7ufpVRERERER+ngIOEblznBxyjOZweJX4y1HkcuLMFje/zRCMZpnXpR5sGl/d
C/z3LwLbXWOro6GaIiIiIiLrTgGHiNwpMeUBolWEq4lzOsxrYZe1sahvfruFOf12DjQe7QQ+38tb
U66rOlS5ISIiIiKy3hRwiMidUkUYTJ2rqXM6cgYzmFdQJyf5TVKIPLOj0zQe7Ri/uRf4zUFgf8No
FLlyI4QPex9EREREROTXp4BDRO6UOjqjeV4HezF2RvO8TcUd0o3mixp4ot0wDraM3z0IPN4N7PTz
qlRDYzZFRERERD4GCjhE5E65bk15eZk4HTmjmVPHm91WsLz6tFEYuz3jwZbx+X5gr5/XomruhoiI
iIjIx0MBh4jcKcsaLibO8/NcxTGe33wtbBFgo2PsdI3Hu4F7m3kGR6cJzULphoiIiIjIx0QBh4jc
KcsIlxN4fpE4HSamy5vfVlnARtt4uBN4shu4t5E3prQaaksREREREfnYKOAQkVuXPM/eWEYYTBPD
WWIwdWZLqG6wOcUsBxjNAra7xuMd48leYKdnlIVaU0REREREPkbaHSAit849t6ZMFzBZwGTuzJbO
ss7bU96VAQGnWcBWBx5uB+5vQr9tCjdERERERD5SquAQkVsXk7OoYbSq3BjNc9Axr242f8NwDKdV
GttdeLILT3YDzVLVGyIiIiIiHysFHCJy62KC6cI5H8P5yJkuHb/5bFE6TaPfMu5vGzv9QKdpNEqj
KHL7iggAKeGeoKrw5RKqJb6s8uu6ghjxuoaU8sv3vynNIAQIASsKKEsoSqzRhGYDazSxZhOaTcwC
boZ9St+AngAHX0BaQJqvXi/wtIBUYUTc6/xvf+jxtYBZAVbilBCaWGhDaMHbr8n/9lOR3IkpnzuX
tbGsnUXlVCm39dUpt/7F6CR/66Fdte8Fy0OYG6VRhrxtqtUwmgW0GtAsc7Xbp/Tteuvc8RShqvHl
Al8usarKb3/vfOQpYg7gOIAZForVuaiEosAajXzuaTah0cQajfx2oV/9ReTjprOciNy6mGC6hPOx
czZOTBZOeo+Eo9sy7m0aD7bz3I1uy2go3JC3XV9MpITPZ/hkQhqP8MkEZhPSdApVRZrPYXVxQYzX
lxNZKLCyzBcSjQbWamPtDtbtYb0e1usTej2sKPDgED6lb0IHEniEOMHrIVZf4fUI4nD1evo6/PBU
53/79s+9FRByqEFo46EDRR/KLSg3oNzGyk2wMv9bjE9lfLA71DG39o3medvUcJbD4ekS5tVqrlGV
g5DkRnLHDAqDojBaJbSbRqfh9FqBjbaz0TY2OnlWkRngn9C37G3yVQoV4+p8NCaNRzCZ4OMRPp+R
lgt8dT56Hbxef4EsYGUJZQNrtrBWK5+L+n3CxibW60OnmwOQT+o8JCKfIgUcInLrkhuzpXMxdi7H
ebjo+1RwdJvG3kbg/pax3TPaDaP4dJ7cle/xGDF3PNY5qKhrvMqVGmm5hPGQNBqRhlek8ThfUEwn
+GKRLzaWS+z62dO3vzHLElYBhzXzBUXo9aC/QehvYBub+MYmYXMzP4PabOGNEkJJaDSgKHJVR1Hc
3oPzQayCDI+QKvAKfJmDiziH+hLqAak6g/oKqiuIQ4gTUpxCnIPXkOrvBEgWSiw0SNbEii4UPSg3
odzGy21o7EFjG8q9VSVHC6yJhQaERg4+CKvwY31FX+Vrq4qMOsGiyiHGdOEMZs5oBldTZzRPTBY5
MK5qZ7kKOqLnio4Q3lRvdFtGp2F0m85Gx9nqGNtdY7sXmFXQLHNlR6PIVR5lwXfOozHlkKVaVYnk
ipJ3O3GXwV7fbhE+kSHQ7nhKWMrnFK/rHKLWb4UbwwE+HLx+7bMpvliQZtP8b6sKXwWuZpbD02J1
Lmp3sFab0O1im1ukzS3C5hbW3yBsbmKdLpSNfO4qG2+qzxR6iMhHQgGHiNy6mJzpMnE1TQxmefbG
DWaLvtZpwl4f7m8FtrpGU2e6T9tyQbq+cBiN8MEVPlqFGqMhPpvCYk6aTfHFHBYLvFpCXecLietg
I8XvBm8hYEXIVQZlkS8Wmk2s3YZmC+t0sXaL0O1CbyM/k7qxSehv4ts7WL+PtTvQ7qz3xUWaQ5xA
PcSrC6jO8eocr66guoR6BGkKcQxpll/iLIcgXuVQhAQpfvd2LeDX7SmhAbaq5Ci6EDoQenjRy1Ud
jR2ssQ3lLjR3obGHldsQulD2WOfKjtnSmS5ypcZo5gymznD25s/TZQ48pktncd2qEo2YnBhzsJG+
F3CYQaNwGoXRLJ12w2g3cjjcb0c22sZW19jsBna6+e2tbn5/CPnRXNZwNkqcj53JwleBS3qn+7bZ
CWx28u3327DVzZUlH62U8vkk1qTRkDQckgaX+HCYA43xEJ/N8OmENJ3AYp6rNqolXtX5vJRSDmvT
W4/1qlWOUBAazVxRdh12tDvQ6WDdLtbr5fPQ1jbF1i62tUXo5z/b9W2s87lIRAQFHCJyB1xvURnP
YThzFtX73V67Cds9Y7cP/Raq3vjUVcscblyck85OiUeviCfH+MU56fw8ByB1BbGCmPAY88W2+2pO
h78pIX+b5StFu57Fcf1M6vVMjsbqGdVGA9vZI+zuYXsHFPcOKFPMF5qhgFZ7vS8q0gKvh7A8wecv
YP4tzJ/jiyN8fghphnkFvsD8euZGxEjAag6KO/Ddx9e5HgKR9yJZKIACtwKzErcmWBO3FtZ6AO0H
WOsJtB9Du84zOawAuqxzwLGs83nxbOScDJyjK+d0lLiaOlcTp4qraor0ppIiuePu+OvWFMNX3Qy+
+nMwCOYUAUJwCstVG51mfrm/Gbi3mXi0UxA90CqNbjNfVweDZe1cTJxn54mLsTOaJS4n75ZMP9h2
HmwFqljg7vRaH3nAQQ5KqZak4YB4ckw6fEk6OSaeHJEuL/L7ZrN83lq1xl231FnKPye+mgl0PdPn
9RwOC8SwmkdTrM5DocizOFqtHHJs71A8eAQPHhOqR5gZtrGBQ769dT4XiYiggENEbllMucR5voTh
qpd8Xr37kFEzy5cw5nSbudR6tx/otaBUwPFpuJ6rERMsF69bTNLlBenyHD8/JZ6eEA9fkU5P8t+f
n+N1heH5Qvsmn/bH3rF6qtyKgG1fEC4vCIMBPrzCp1OKwRVhZ5ewvYt1e9BsEtodPNjd7JP31VwN
0psqjDjFlyewPMYXL/H5S5h/i8+f44tjWByBVzgpDxR9++be9dP/p7cLnJBfVydYdYJX51CdQTXE
qzOseR+a97ByAw9tCN3V0NLAXQs9fFVlERO5EqPObSinw8Tp0DkZOqeDxOFVDjuGM2c4zzM2fuJW
v/f6+3//XUXIlR3NchU4zwOzKjGvnKoOzKrc1tJr57bCwTSHLsdD52KcOB+921e1ihDMaDeddiO3
09y1r8t7ixFfDQtlPstVY+Mh8eiQdHJMOnxFfXJEOj0mXV5CzC0rHuN/uqmf+yr++LkorOYENbGt
7dVsjwnldIqPh4T5nNDr59lBnW4eUlqU+eNERNaMAg4RuTXJ87T/KhqzKpdhTxb5Gcl3vfgxu+4t
N9rNPChvq5O3AqiC49PgKcJymXvVz05I52fEo1c53Lg4J11dkiZjfDTEx+M8SDRFjP9cPfBhDij/
x2OC6YQE+Hyeg5WjQ+LOLsXuPrazSzh4QLF/D+4/WM3qaGBl48Mf03tJeQuKL/DFK1i8wmfPYHmI
Lw6x5QnEAVQXUA2weoR7bj+xX+LxvR5kimNxiC89DzRdHBHm3+KNfWg9guYDaH8O7YfQ+hwPLSy0
VjM67o7ksKhysHE6TJyNncOrPJvofDWfaLKA4SwxXcC85r1a+X7wGJJTk8OWqylUMTGew8UYjgbO
wVbg/mZeu11HmC1ZnbudycIYzt/tgKZLmFW5GiQm++D359a555k/wyvi+VkOWY9fEY8P8cvLPNh4
MMivx+M8XyOlXKHxoY8jRnyxhOGQiJHGY9LFGba5Rdj9K8XDJxSPPqM4uI91OtDrY6H5YY9DRORX
cLf+7y4inxQnP4O3rHP/9mSxGjDKuw8Zve4SKIq8Jva6t9u4e0+Eyy8kply1MZ2Qjg+pv/k79Z//
g3RxTrw4w8ej1TCCPJjAPX23j/1Dc38TckynMJvjlxdggToYoden2LuH7e1T/vafYbnENjbzYoQ7
OXg05a0n9Rjmz0ijP+Cj/wcWL2HxMldPvB44msDTqg3ll/oB9DfBSRxAHIEdAXl2h5db0H4Crcd4
/79jvsDK3dV2kPLOBRy5ciNf9B8NnL+fJP70KreiXIcbMfnr8+N31r9+II5RpzzQ9HLiXE3gMEQO
B4HNduTBtvPPDwLdplMWee7HvDKmy3x8o9m7fb7pIs9cWtZ5eOpHZdXW5tWSNLgivXpB/e3fid/8
jfqbv5KmUyymt1a/ph9uhftQx1LXr6tJ4mQCdoR12rlFrtOh8S//lWaMWFkStrexVhsaCjhEZP3c
rf+7i8gnJca8BWBWkdcZxps/I9kooN2ATgt6rTxYNKid+OMXI74axOfDK9LZCfH0mPjiGenokHR8
SBwN8VFetXhrUsJJ8FbVubsTzQh1RSxKfDYjjUcU9+4T7t3LrSutFrTaeQXkbfC4GiI6hfqCNH+Z
Kzemf82zNmZfQ3Weqzbi5Mdu5Jc6uLfevF5L+9Z7POEUWFoCBR7HeD3AWo+w1mNo7GOhDUX31sKO
mN4EvMPpqg1lmHh+4by6TBwP8trsyTyHH78W9xxyAJBgPE/EZECiWTpl4TQKOB44o7kzq/z1NpV3
Ef06rMnzQtzXvEVlNbcH91wxNrhcVZIdEl88JR6+IB0fkYbDvIY6pQ9fhvNzx3d9jJBD3uUyD1l+
9YK6LPHJhHBwn/LRE8LO3pu2FbWriMiaUMAhIrcmeX4GcLZILCPE93jmqhGg04CtjtFp5rkbCjc+
fh4jPp2Sri5z6fezb4jPviWdn+LDIWlwlbcQxF/x6vAfFSPMZqSUL+rSaEQ6P8O/+IpyMYeU8saD
Iq+jvRUec3BRneOzp/jkj/j4j7B8lYON5XHekJKWt3N8P8XrXNWxTDnwqC9heQi9/4Kleb7Qa2y9
tVL215c8t3lcTZ3jgfP0NPLtaeRsxOv1r8v6rbDhlsQI86UzMDi8hJgirdKYrDa8LGtfzc/4xKVV
VViMpIsz6mffkl4+I56d5pkbF2f4aJjbVlL65bK/f9SqdYXlknR2Sl2+7KbLAAAgAElEQVTX+HhE
MRpAVVFUFcW9g7wZCgUcIrIeFHCIyK2JyZnMc1vKsvb36hZolLlyY7dr9JpQ3sUKf/nwYk0aj4gn
R7kl5Y//Rv3Hf8Nns9U6xbtb9+51jddjmIxJV5dgAStKfDCAFCkbJbhT9PpA+7YOEuIQX7zCp3+G
wf9Nuvw/II4wrzHec+XRL8krqK/w+ipveFmtm7XleX5cQxtwKDby2tlbUMe85vVs5Dw9i/zhReTf
n9fMqjyPIvrdSGmr+KadcDJPHA/yxpVmI9Asc3XJR9dichPXsy6qinhyTPWnP1D/9Y95zsb5WV5J
fZdcb2mpKtLRq/zy8jnp8iIPRsXzBpadvbyQSERkDSjgEJFbE1OeuzFdOst6tRbyhk9plQFajRxy
tBtGcTeuC+QXkjcR5IqHdPiS6uk3xBdPSacn+RfzlLDbfnb0HVwPOvVYE89Psa//gi9mhIeP8emU
cO8A6/UJG5u/Sqm41wOoB7A8yW0o0z/jk7/g82eYz4GImd/+M9D/ICcBEUtgi1cw+p/EOMHav4F6
SGg/xotNrNxabVj5ZU1WA5Uvxs6rq8TT08Tzi8TJ0Kmi5S6HO1iClpITLQcayY06OYvaWFZOdQeL
pH4Vb7WlxPNT0tkZ6eSI6u9/Ib58jl9d4bMpfheryH6AV0vS5QXx6Tevq1EMf73tyfobt32IIiI/
SQGHiNya3KJyPUU/V3TcVFnkYKPfNloNbU752Pl4RDp8SXzxjPr5U+q//4V4coxPx/iyWg0RXZOr
b8jl6pZbVfzyjHoxI11dUgyuVqXiS8L9h1ivj/0avfD1AObPYfY30viPMP6fMHua/z7N8vDQNXp8
Dc/tNiR8/gLqMT4/IvTP8/par/NA0nKDX6MUf7JwTgaJF5c53PjrcW5RmcxhmVZ7Z+7gPArHiKvO
ipjAqpy3xcTPrKv9iK0CDq/r3Obx9d+o/vgH0ukR6eSIdHUBdcRiXI88sKrxqwviYkGaTVfnJqN8
/Bnh3n0KBRwicscp4BCRW5NS7j9fVFDH97teKsxplUavRV4Nu0YlHPMKZqsqlo9VEXJJe6dpNG5Y
6uwxbwHg+kLi+VPqr/9KfPmC+tm3+NXlhz3oX5vnKo40GsKqQoW6flNRUJQUW9t4u523rBQf+H/h
HoEIqYLFMcz+ho//HSZ/gsl/4Isj4K5dcv+D/M3Vt9WXeHUJ1SVuCUIJBhZKaOxAWA0d/cA1+XE1
TzImuBgnXlwkvj1znp45T88SF+PrE6B97/Xdcr2I6I21uGz/xXhd49MJPpmQDl9Sf/s1yz/9ASaj
/DO8mN/2Ib4Tj3VeWTse5wHIzRZWFBgGRUnY3oWiyOcgDR4VkTtIAYeI3JrkUNVOHVk9K3jzFpUi
GI3CaDfyPI5c8n83LxC+7+VF4m/HiePBR3ihsLpo77eNz/YKvjoI7PRvuL53NiONhqThgPj0a+q/
/5X49GvS4AoWi1/g4G+XVxXp8gLCN3mYqhnWbBJ29gj9Pra59WE/YZpCPYT6CqZ/xEf/Lz7+A748
gfrHNqSssTSHxRHYv4FX+VvV2tC8h5WbUH7Yx3dR53kb45nz7Nz563Hi21PncpKYLz/Cn/1PgTs+
m5JevqB+8ZT49d+Ir57DeAiLOZbWpGrjR/h8Tjo9pk4xhxnBsH6f0NuAXn81fFRE5G5RwCEityqm
XL2R8nXwjYWQF020GkZZ5MBjXZwMnX9/Efnz4cdX420A7uz1jGUN9zaN7Z7lZ8zf8bZ8MceHA+Lh
S+oXz4nPv6V++RyrKnx5B7d4vK9Yk4YDfLnAUyT0+6St7fzNXhQUHzrgiLNc2bB4ic++xid/hOmf
Ic7A1+tZ6J9jBvgSqlNI09yiUmxirfu5oiOUwId9fJd1DjfOxs7hlfPszHl2nlhUzjL+/MfLHbMq
OfT5jHh8SP3XPxNfPMPPTmAyzhVn7zM5+w7wZZ7H4ZMJ1u0Ruj3Svfs5oG61uLXhxyIiP0EBh4jc
muR5Mn+d8vyN9B49KmZ50GizhDLYWq2IHc6clxfO34/X+5fhH3IdcIy3jAc7xmTh1AkKg/CPdABc
byWIdR58d/hy1ZbylHhyhF9dvv8zpGavX6zZhLKBlQ2sKPC3S7G//011PVwwJXzVOkOsc9hS13ha
9V3d8PvaY8yhw3wGFogbW1irTeGABcL2dl4hG8J7lIrn2RTuEaozmK9WwU7/ArOnr9tS3osFVj0g
YA0stMCauJVgZW4NIYCF7zxUec5HHg6K13iqMK/wtMDTAvPrVPRdf26uP0mEOMbjGLMCmvfwxtbr
/gtr7K2Oq+Cm1WDub+ZVDGerVbDniefnicOrt9tSbu71ty9OozCaZQ55g/H6dTAwe7tCzkjJVzM1
chVdnfJWlypeh87rUwX3a/MYsaoiLeb4+Rnx1Qvit18TT4/x8RD/EG0pIbw+H1E2CI1GTvFXP/NW
XJ+TVl9X9zx7KMa8FjtFfLHMAWmd/0x8x17QWOOTMT4ZE49eYZ0u9Dfy7bfahE4Hs/c5/4iIfHgK
OETk1rjnX6Tr6CR/6xe1G7hueShWv2vp1/I7xN6svKyisaw9z0n5R4KoGPH5bPUs6RH106+p/vTv
+Pk5PvkwbRO2qoigLAlb29jmFmFjC2t38taAdiuHHo3md0IOr5Z4VcFikY9xMsHHQ9LgCh8OoVq+
udh4T76YE48P8wUKhpUFaX+f0O5grfbNLzA85laNOMuVG5M/kgb/Vx4wWg/e+7gBnLAKMhpQ7kJj
Hxo7hHITL7pY0QNrQtHKff7X0gKPCyzNIE2xeohXV7A8g+oMT0uM+J35Gjc+xjiB2be4R8wjWIG1
HuHWwkIbQuOG9z1Xbixr53TofHMa+cPLxOkwt6t8CMHyt28RYLtjbHWNzU5u1+teb5UKOfy4fnTf
Pq55lYeejufOeG4MZonhzF8/rGs0S/bXs6quiuenxGffEo9eEc9PVuHG+7XLOeQ8sNnM56LN1Tmp
v5HPT+0OtFqEVhuC4RYwPM8CqSp8ls+XPpuSLi5Il+f4aIjP5/hiloPYmxzXaEj98jlpdT6zjS3C
5lYOXSgVcojInaGAQ0RuVZ2uh+85/h7PxZtdP2NpFLZeFRyfArdATMYy5jWYxepJ/Z/9uFjnX9aH
A9LJEfWzb6n+9Aes/jDBAQBFwBolNJuE7R3C/UcUBw+wjU3Czi5hYxNrd/BWG3ur9cnnc5jP8rOb
gyv88oJ4eoKHAhZL3BPmnmd3viefzYhHh6SzM2i2CBsb+OdfktwJZYk1bngB7rlKhHpImr/Ax/9B
uvo/MV9AnH+QoNCswK2BhzbWPMA6X0LrCTTvE5p7ebBn0cNDF3t7g0mcYHECcYAvz2F5DIuXQAFx
iruvKoSq9z5Gj2OYfY0vXhFCG8odvP5fsWJjFW7c7PGNKYcI09XWlKenzr89i9TRqOKHSQ7CW9Vr
2z14vBO4t5lDjp1e3izVbkCrzOdFd8dXG6ymC2c0dy4nztkor6mNbowXieiA60T6g+occKRXL4nP
vyUdvSKdnebKjfdNhIz8RV2dj4qDh4QHDyn2DwgPHuXz0cYmoddbDRsuwD1XkywWpMEAHw1zxdvz
p9Rlg5RW1Th1las5biANhzCfE89OCBublE8+w5ePwH212UkBh4jcDQo4ROT22fV/bl7BAdcl2Kxu
Q7+Y3wXXX013XpfCVxGaheH+M4NG3fOQu5Mj6hfPiC+eks5Pc8vGqjvh3b7K9vqYrNEg9PrQ61Fs
bWH9DWxrm2J3n7B3j7C9k6s3+huEbhcaTazZwt8+4OUil3/P59j2Dml3n7B/j+LgAenJGWlwiY9G
pOEVaTLBpxNYvvXs7rtcCHl6fXGSLs+pXz7D/rJN8fizvOGg3XmnR+L1I5Jm+OIlPvsGpn+B5SuI
4/z53rky4q3HJjSh3FwN69zDGtt4Yx9rPoDWQ6x5kIONcmMVIrSx0P7O42txjscZpAnWOIDWA2g9
huYT6P4OW55CfYXVZ3g9xOIo//ubPA7uuSLEIyyO8Onf8dH/hPYX0P4ca95s1sCiypUbR4PEi8s8
f2O2XAW6Nz7VOY0Ceu1Av2VsdJyNTmCrC3s9Y79v7PQD3ZbRb73ZXNQorn/eAu7OooJ5DdtLY7vr
7PaMe5vOwVbi8di4mjjjGQxnsIw5qPlkV8GueIy5JW06IZ2fUj//hvj8aR4GXFc3n7lRlrlKrNPJ
a1i3tgi7exT7BxT37ufBwlvbhJ09rNfDOl2s3c7BQihwT4R2B6+WWKuN9/qEjQ2s0yFs75IePCRd
XZDOTkhXeaZGGo/e7XhjjS/yeSidn1E/f4Z1+4TtbcLePayjSwoRuRt0NhKRW5V7x211MfV+z3y5
v+kvl7vGSauWpBgh/lx//2p2hc/nxNMT6q//Rjx8iQ+H2I3CjeujIH/eRhPb3iEc3Kd88Ajb26d4
8JDQ62O9PtbpQaOBtVq5NaUosPJ7/8tstbC6xnsVbG4Rdmb47ID0YJQvgE6OSWcnubXk9ISUImkV
cNxwogMAaTQkHh/lDQZFiW3vEnZ+Li36EauAg8kfYPYNVOeYx1zyfsOfx/ylbWGNe9B+DK0voPWI
0PkSyi2ssQ2rUIOiDaGFs2pheVvoQNGHtIU1Fng8wFpPoP0lVl/h8+eweIUtvoX5S1jUuRrlZkeN
kfI5pL7EFs/w8f+X5ws0doF7N7rVRQ1nY+fbU+fwKjGY+XU2d8M8N3/jN0rY6RkHm8b9zcD+hnF/
O9BvQa9ldJtGs4Rmw2iE3L6SRzbY6jxptBrQiUa/DVsdZ28jt6k82DYGU+fVZZ4Z8vLcGS+ctKq2
+6SlVdA4m5Gu8kygePyKNBrg7zNQtGxgnS5he5viwSOKz74gHNwnbO/ml14f2m1Cp4s1W9BsvJ7F
AeT5No0GWMAwrNHEu12s28P39kkPHhJPjogbG9hRJ58/ppN3O+aU8rese66oO3pF7PUhJcLGFnS6
N7//IiIfkAIOEbkDbnhx9kO3pH7xO2k1/44qOlV0UjJ+doahO8ynebDoH/89l4BPJznguPGB5GvK
0OoQ9g9o/OZ3FF/9juLJ55S/+d3rgZ32I/3kP/td+tZQ1PjiGfH503yRAaTxEB8Obh6/rYZq+mhA
fBlJowHW36D4/Is373/Xn6M4yYNFh/8D5s9geYb5qsf+hofoDhY60HyA9X6P9f8b1v1n6P8rrAaL
5sGjb9j3Xn//71+/7Skfn9cw/RM++TM+7uULr/oKqosbHDVcD1s1yPM9pgZxQio2CJ2vbnibMK+c
o4Hzx1eR44FzNX2/KojV3g5aDWN/A35zEPjqXuDxjvHVQZEHiuZtnj/hh96Z/66KucJktoS/HEb+
epSYzvMBL+u86vaTFiO+XOKTMen8lPT8G+Lzb/H4fumPNZtYr0fYu0f51e9o/rf/jeLx5zls7fV/
dr6FARRgDaDzvWoud9J4RPHyGfXWFnWzlVtZTk+Ad2hXWZ3bDPDLc+Kzb7AQsEYDf/BQTyuIyJ2h
gENEblUR8tyMYOm9fkHKF9CWNwGstgPI3eL+1rPXPyXWpNkMplPi8THp4pw0GpJmU6huOJnRck97
sbWD7exRPHhE+fmXFJ9/SfngAba5/XpTir1v2BYMo8Q2NikePIJQYO02ob9B/eoFPrginZ/j89lb
36XvcOG4egYZyI/N6QlpZw9a7Vy6/nPzOFaDRT1OYHGYX5YnUF9BukkFhOWjDy2ssQ+N+1jnC6z3
v0DvX7DOF9DcXwUbxXuGmbbaagI09qDzFWYlXvSwYguaX+PLc3x5jKXp23f6H/8UaZ4fC4DlIb44
zGFNaEPRzffjJ8SUWzrmS+ds5JyP8raU0dxZ3nRsjDvNhrHVMXY3Ch5swRf7BV/sBw4282DR8Hqb
ys0FMxqFQ9O4vxVwjHbTeL7a/HI6yqHNvMrVWJ8aH49ye8aLZ6TzM3w2z+HGDZJ1azZz1UWzTfH4
M4onn1F+9gXhwSNsdx863fxv3vd8ZIY1G7kF7/FnEBO+WOQqlMElzOekyfidbjJNp3B+no9xb59i
OMA2NrGyke+TiMgtUsAhIrfGcMoAhfnrX85vKr2e8ZA3srxPtbB8eM71VtX8DPZPXg7ECJPc455O
c8DhoyE+m2E3+cKa4UZuNzk4oPG7f8nhxsPHFA8fY/1+LvsOIYcb7/ONaAYECE7Y2IRmC9vayc/E
bm1jW9vEZ9/i01neanCTKK6qIc1Iy2XeknB6QtzdzxsWri+aforn9agsz2D+ajW88wivLyG9+8BO
v77fRQfaTwi9fyX0/0sOH7q/hXI7t5tY+dZayxu6fnwxaOytKkXuQbmVA4/GHkz+gscJHqc3+1Km
+eoxmsLiCFseQXWa74etWgN+6sMdZktnMHXOx/nlYgLj+Q1DgdXFc7OAe5vG7+4HvrxX8HDbeLQT
6LWgVb7ZHvU+377BoFnmIcAHW3lA6YPtPMvDgOSJ4SyHOPUHGpK6TtJkTDw+zNVZZ2ek+Tx/wW9S
Otho5PPCxhbFF7+h+ft/pfjyN4T+Rg4L2p08QPRDVDeWDcLWDtbqQFHi8yk+HUNZ4pcX8I4Bh0+n
xBihLCkOHuLDAb6zB51ObuXTlG8RuUUKOETk1oSQh9+VxftvmMsrZz0Pwou87jOXuyOHHJa7AX7i
esDrGp+OiafHub/96hKf5uqNG11SNRpYs0nY2aV4+Jjyt/9E+cVXhP17hL197GcuWN/ZKiSxThc6
XYrtHaxRYt1uXukaE/HiAlssckVKvXynAgOP9esNMj64zCHQzm7+1P2Nnx846jVeD2F5lAeMLo5z
uBGnP/1xP3Z3QxMPLWjcg/YX2Ma/Yv3/irceQ/uzn614uMFnXAUq/fzCAWYNKPq4tfM31+IkzxdJ
C4x3e3xzyFMBU1ie4ItXOQhqJSj6GD/9+MaUt5Ocj52TgXM5gdEsMb/hspdGmQeEbnfh0XbBb+8X
/OZeYH8D9jdWG4k+EDMoVuu2G4Wx2cmVcYsK5lWuTCmLxLxyFjXgRvqE+gJ9PMoBx8vnOXidL949
3Lg+P3T7hN19wsEDyi9+Q/nbf6L4/MsctBYfNiSwUECrvVqFvYVtbuc1r4MBcTx69xuslni1JDab
xMtz0sV5ngVkls9xRfHBjl1E5F0p4BCRW2OrZwsbBZTB3iuOiAmqaMyWedp/0nrDO8ewf+gJfF+t
YIyHL/Ng0dEQTzevhw9b24R7B4RHTyi//Iri4WPC7l5u57BfZ7WhdbqE3b3cwz+b4bMpsdnCL06J
Z6c3XnmbxmPi0WHu0y8bFPfu//wHeQXVJT77Bp99DfVFHrB5oyMgV1K0HmKd30L/99D5Ld56COXm
f5q18Uvxog+tB3k+R5ph9RCKJiyP8su7zBp4+3brAcyeYuV2HuDY/PnHt47OcOa8uky8ukwM33Pu
xlY3sN+HRzuBL/aNR9vG3obRbf2y67BtNQQ1GOz24auDQFkYnaYxW0aWMRcTVfHjnn3kq8EyhucK
jtNj4vEhaXiVN6e8ixDyxpRQEPbvUX75FeU//RfC48+wzS2sKPBVy9cH+9K6Q1Xh81k+/pNj0mWu
isttfzdfs2x1jQ8H1IcvsW4vr9ze2Mzra0VEbokCDhG5NcHePDtZhFzRcdNNKtcDLOeVUSUUcNxh
xs+EWSni1xcSJ8erdYY3v4IKG5u5cuPL31I8+oxi/yC3i5SN9y8d+gdZq01Y/dJfzHPAQayJ1QK7
PMdvmN/4bNXK0+/nAOUfuODyVEE9gPmLvH2kfr8AiXILa+eZG9b5LbQ/y2tdQ5PcG3Tzm/5HWdGD
0MAxLE4I9QD3Je4LqE5uvqApjvKWmXInb1NJi5+9OzHBZAEnw7widjx/n5Ww0G/Bw+3clvJ417i3
aWx1VpVvv/Bjez3TY6tjlMEoC2deOa8ujatpvl/VRz6L43q5tF+vh726IJ6fwnyGv2vAgUEocuva
9i7h0WeU//J7wuZW3pQSitXW9A/0hc19gTk0nk5Ilxe58mQwwCdjWCzw+mbhnwHUdR64enpC3NrG
tndusF5aROTDUsAhIrfGgHbDmJdO4z1bjevoLCqYLmFR5XkcalG5O4x8MZZnrfzIto+U8i/jsxlp
OCSdn5EuznIY8I6/NFux6nsqCsLOHsXjz1dtKQeE7Z3cPvJrKkusLAmAz+eUVQWxxkcj4vHR6wsR
4rtdLfpsRro4J3Z7hIeX+Hyeb8PsB8KbPOLVfEGqL0nzF7B4mcMO3vWiJKwGhhZY4wDr/hP0fg+t
z6B5AOXGO97eewpNoIk1weMES/NcqRIHeZ0sDinyzvezHuGLQ6zchOUTLM3y9+IPlCJdbwpa1LmC
43TgnI4S/z97b/rcxrVl+f72OZmJGeAsavRwfW9VdXVH99f3/3/teBEvOqKr6g6+sq2JMzHnePb7
sBOkJtsCSEmUnL8ImLJEJRJJIJVn5dprzbP19ZXVZ8U72Ok7Hu16vt137A+Era65KD4lncRqZQHO
547DrcAiF85nSrrmBNAXR1WhZYHmGTqfWt7EdAJlufbnVeIY+gNkOMLdO7QcoIePkShG4huOpYQA
GtCitCDiIrcw0SwzYebi3M6px6+ojl6i4zFhMd/MwbFS7KryamzHDYaEg0M7JiF8MvG4oaGh4W0a
gaOhoeGz4R10E8gKIY6uuhg2ogwmbEyXWgsct7ijDbeC1Au2yFlMJG8ZsbUsYFXBOJ0QxpfofI5m
6foe+ChC6lYRt39A9OAR/sEjC/VLklt8VWviI9xwhAg2w35yjDz/xY5EkaFrLpiujtflhYlC8zku
TW0hFcdvLpi0qvM35tYSUhyh+TESZqy7RBWXgGuh0oHWA+j8Cen+GYm3LWz0M6ESI8keJmhkaPYc
SbbRXIHMAkTXoVpAfkrwQ3z3vBZPcnDRO9kiVbDzUFrAbGmVsOO5kpasHXoceQsObcewN4AHW/Bw
W+i1IPkMV24rp0grht0+fLfvbT1dh47mX3F9rOYZYTG3BpWJhR1TFNedyOvQauH3D0xwffAYv71j
n1VnoykbyxshmNhQFDZ6Mp2YoHF5QXVuX1nM7M8mY3RyiU4mkKZokW36rCb+zGfo2QnVcAs/naB5
AT76vOfZhoaGPzSNwNHQ0PDZ8F7otYWsXCX3bz6iUgZY1gLHsrjZzHvD7SOv3ZH2bpWz99blfFmi
6RKdzy3VfzpBZ9ONFhISJ0i3ixtu4fcsf8M/eFSrLJ9vPlyiCBmN0H4fX5a4Z7/Y7H2eAwrpegtw
zTO0yJF2B51N0YUJQirg3m5T0QpCDmEB5RjNj6E8QbVC1nTIqMQgXSTeQloPkO4PSPcvtavj811a
iEvQaBfxI0RL3PJvhGgLqayxZiOBo8rA9Qj5Gb5amDNEBXjTdlYFq4Fd5jDPlIuZ5W8EWLsrJ/bQ
SWDQFvaHjoc7jofbDuc+/ljK+1iFj7Yi2O07yn2lCsp4Cb+cbdp9+2WgtYio5+cwm9pndMPcCklM
4Ii+/wH/8BFueweJb6EKVgNaFFDkNkJz9Irq+TPK588on/9COD2BPIPMxBkNFRIU1c0qbq+ediVw
5DnSH6LTqQUnxzE0AkdDQ8NnohE4GhoaPhveQa9lC4JWVI8ubBivVpTKIoNLZw0GRWnz4V9CW912
T/hu3905UcZqd008mmfKIodZeoMsDLFmhqgWOd5Gs8xcCOMLwnxmF+yb9v12OridPfyDR7j9Awvh
/L361E+BiI11iMN1e/jdPaJHT6gAPReq6WS97dXij5YFulwQxpeEydgcMm+3GYTUxlGKc7QYIyFF
dZUQuaa46PtI6z60HiPtRxbC6Vqrztj1XsOtIohEJrREQ2jdh84PgIPsCMo1jy8KVBBSpJpDeWGP
aAg+5vXXmlfCLLV62Gmq5BVUijVmsJ50202E3b5VtO71ra41uqXG0JsQeaHXUnb7MFk6Rp1ANxGr
f1apRwO/MgoTOKrzU8Jsihb5+ttYKbztFrK1TfTgEW5334I51/yhap6bSJGnNpK2XFDNZyZwzmeE
81Orjz49IZydoqcn6PjSRkeKvB7VuqWxIhFraIljq5xVteOTx0j3E48BNjQ0NNQ0AkdDQ8Nnwwl0
YrNhX1XFCq8tuD6cMkhdw6gsc6UM1wMvd13j2OqawNG6Y2fkMsAyV9ICjqfK6VQ3FjjMOCFETom8
MxfH29+U53aRPh7XIZybpxdKp4ts7+IfPcFt7+La7Y239VEQgThBRlv4Bw+tVWW5WU0rYNklWYrO
JtY6027zzhImZFcCh4S5hY3qut6CGt+D5ADp/gDxAeo6ZrC/Cx82sSpiXBvifaTzPRqWSFiia7vx
6+MjFegSLS6QcmyjMP7NnJG8VGaZ5W+kK21uQ0WiHZvw+XDbsd0TktttDd0YJ5abRFcYdSsGbaET
C3lpFbJ3TaS9DbQo0IWJhyyXlr2xDrW4oc4hSQs3GFpF9WgL6aw/zqV5Dos5YTpGx5eEs1Oqi9N6
FOUc5jN0sbCRmvncKrbLwoSNWw4AFRFzy3V6SLuDOGfHZxMRqKGhoeGWuGOX0w0NDX8knCj9tjDP
lFZdaKG1g2Pda/miNLdBmluDQVFZ4J/jbiwMfovdgfAXhAfbd6taLyuUSQrTFKKjirxUXl1uti0L
GVXiyBZr/j0+e81SwuSS6uLMbM8bpvsD5o7YP8B/+z2ytw/tz5cL8WtIq4Xf2YMnmVnfxxdsLOlU
AU1TwuUlYXyJGwzRoMjrb6mwhPICLU6hnIIWG+feSDREWg+R/r8jnUcQ9Tfd84+DCLgOJIfQ+5da
2DnbYEO1q0wLJMyR8hyKM8R367DR6wOcFTBeKBdzEzqKsPld8m7LsTdwfLvv2BuIiQp3AO9sdKaT
wCR1jLqBbsvGA4PCV7msrR0cenFmzrK1m1NAVwFEtYPD3buPDIbr/+OkCnlKmI4JJ0dUr15Q/fyU
8vkvVMevqI5f2ciagnwKM404SBKk27PgZufMXdIEjDY0NHxGGrG9r+YAACAASURBVIGjoaHhs+FE
8E5JIqEdw7AtDFpCXgrFyjm/DgoVFvI3rkP+WpE1AER3+HqrHQujrqMV3S179yIXyhBY5tSz/+sv
soRrd3bkhdhf11u+vTktcgsVnU0J6RKtNhA4Vr2W7RYyGFprynBkQX53DR8hgwGutNpaOh2LdtD1
jRAaKsgzc8DMpu8PZg0ZWk4sYDQsEKp1o0XtuQDxHatNbT1Go22Q1p0wb7yOSgzRFtJ6BMk/Udfb
eFuiAa2WUFxCeYmEA96WL/JSmWfUDg6pq6rXPMJXYZ7KoAMHQ8ewKyTRXTu6EInSa8HeQCgDsLQx
tq8NLQrLBppO0HS5vrPMOXM3dLu4Ud3g5L1lEL1HCNAQEFXL/lguLFdnPkPThY3IjMc2xndxYSNp
Z6eEy3PLLqoqriY9bwux0CTX6UCrjXS7SK+P6/eR/hDXHyCjLdz+PaJHT5DBAKI7eL5taGj4w9AI
HA0NDZ+Nq1YND93EMWgH+m1hkQllpWtdo4XXFoXLXBnPAxczYdipF9V3WOBIIhh2hO4dy2RLUluw
jJeKF2H9KtG3wkUF4kiIvbz/xmVR1BfzFuQnIaz1HpDVk4kg7Q5uOMLvH1ibSnzHDi5WGSn9AT6K
KLeuBY7VlNZaS1pVyzCZrwSO7F13huZQTaG4RKs5GtYXkCxiQ8B3Id6F9mMkGoC/YyNA1IGj8Xad
EbCH+s0FDtUKuRrxGaPV8p3jm5eWUTNd2pjc+nkU9v0i1lYy7AgHQxN/k7tl7gJMsBx0HHuDwLKw
1/9VFsaWZV1dPYblcm1nmXgPrTZuMMINt3CdLvjIxI13VF69rstO6wro02PCyRHh/IRw/MqaXKbT
q3BPzVKrgs2zOjj0FifFREzgcM4aqEbbuL09/MEh/t4hsrOH6w2QwdDE2l7f8o4+RxJuQ0NDQ00j
cDQ0NHxWvDMBoh0Lw7YwbDvKarOLZK3/s8zhcgHnM8UJ9Nt3+2Ir9va4GwEG11RqP58q2GJtk7B9
V9fCJpFVAf9awCjUDo5lfbcyS9cOGNVV4F3kkXbbLsgHIwvavIuWae9tBj9JkP4A2h0TYiprOFjr
9YdQtz3M0cW8rrF881u0ytByCtXE8ijWHYgRAAfiUddF4hGSHICLP2tzyq8ikeVkuBbE24jvoRLV
oyXrNvMECKk5YKoJElLePsBFpSwyZZayUVW1E8E5xTmlHdt5a9QV3Ptv9H92TJhWdvrC5dLGc75G
tCrNHTWfEbL1hVcVh2+1kf4Q6Q0gaVlWBVjNqqrlVtQ1rxQFIcsI40uq45eEo5dUL58TTl5RvXhW
f8YXaPb+QJmN/xVZiRneWduTjyCK7ZyUtHB7+/i9Pdzhffz9R7j7D01A7nQ/f/12Q0NDw2vcwSuS
hoaGPxoWXAejnrDVExa54txV2PvaLHM4nSpbXSXysNNXeq27JR58CVR19e54aS0q+QYTI7G3O9C9
ljXl/NaNPS1LNM0Iy+sqw7VwDmm1od220LskubKCb9bN83ExN4SzttG4het0cf2BNSPk+XoChwYL
EkyXZqcvC/TtAFEtoFqg5Qyq1MYu1tlh8Yhrg2sjUQ9xnVrc8PY67hriTHhZ5XH4HvgBojkaMuDD
39CCoiG3JpVqXlfFvnn0ysqEDXMzKOsaOJwzobcVQS8REq9Xo1x37b0LdaREIgw7jm5S3ckxmlsh
WAWrnZfytc9L4gSiCNfpIO02RPV7sixN1M1zwvgSnVh+js5mFh5a///qwXxqf5bnNwpg/lWiGEkS
pNOxINTRFjIYvfV1gNvawg23rN56JWz8mmrd0NDQ8BloBI6GhobPzsqSPWhbHWI7lo3DDwEWeeB8
Bqdd2Op6yo9wLfhHoApKmlsrxCK34NZ1iZxloHQSW7j95nVwVaF5BllmQX5rrhDFebs72ukhiY2l
SG0Dv4tLr+sZfIdLYtxqvl0hrBuwqmp3gPPULOtl+a5DQUurig1LCDnrjxw5kARcF3Fdc0ZIXNvs
7+QRrkNAHeLa1vQS9SyoR0t7fCCqAUIBmtp4ihYobwpIlUJW2memKCGs+/7FnFzdRGgnQhLL1efl
LgYlOzHRste6bsL6KqlM4NDcPle6pjVHpHZEJC1cu41EEQhoVZnrarGwHI2jF4SjV1Rnp1THr2Ay
tiyizARPc3fkVyMst41EHmm3kMEA2dvHHz7EHdzD7d+zcZROD2m1zB2XtOpq2NhGcO6ixaihoeEP
SyNwNDQ0fHZ8vQje6dnjdPorGQ0fSJrbeEqvpewOrLKxrFZBmbe33187ZYB5Tt0KYYu3dYkj6CYw
aEM7ce9tT7lidac0y9CitEXlGuiqsrBrlYVE8d1cGb7Oav98hLRauG6fUJRIGqF8eKepBrXFV57X
d3jLdzUHrSxodLVAX7sy0oFLkKgPvmNix110brxOvX/qYssJ8X3LHpF1+2LVBJEqRTQDLd85vFWw
HIqsVIpqfQeHr0e5ui1zcsTviWi4S3gntOr9bcVC5L7CjlgswFfLwkZCynLtqlVVtTEU6uDQ8Zjq
5QsocsJshs6mVK+eE169pDp6Rbg4I5wcE2YTpAqbhS3/Ft4hUXzl2CCKkDjBDYdIf4BsbeP3DnCH
D/D3DnF793D7B7hWy6pufbN0aGhouNs0Z6mGhobPjnfQbwl7A+FyITw7v5kQsSgUWUArCdybwTQV
dkp/lXVxlxcNdwFVG58oK2GWKqczZbwIpOu3I5JE5soZdBzt+HccHCEgVWWLiLB+jY44h8QmFJD8
3pPdLdR5NIqtpSBOrFZyDWSVTFpVaFWiIbzn+IXauVDYr9d1SYkDaZkTQlrgvqRLiAikZeGo1RKq
Nd8bqggB1aIeT6ngbQdHMGGjDGubjwD7Ga7yiGL//irlu4XiPSSRfiH7uyFBaxdHCaW1lKz149Vg
uRrzOXJ6TFmVVOensFgQZhPC5YU1R03GMJ9ZvsZyYeLG2iLkb+wG1DahGDcYWcDx9o61TW3tWBPK
yIJQpddD6u9x/T4uSUzcuOuCZkNDQwONwNHQ0HAH8M7u8q8Ejl7rZg6OZa6kpeK9cLEQZqlVx4qY
o6Dht1m1DOaV1V6ezZRJarrDusQeei1rs2nH4OTX0zA02N1KCVW9QF/zyZxYM0m7bk3xX45nXrw3
90m7Y0LHmvuudfuCVmVdFfnuwdNQocEW59agsvYBBpdYloVr3c1g0V9DfL3vXcTNUFn3vaGoVvWY
TwlavWuQURtTySul1PVaoMBCRiMvtK4EjjU38Ilx7wgyn3uPPg6qoR4nsc/W2uMhQS27YzGnOjmm
OjsF59DJGJ2MCRfnJugGRUMtoGwg8P4ugp0jkwQGA9z+Ie7hY/y9Q6JHT3BbO7jtHXNxOI+6OrS5
HqWT5s5AQ0PDF8IXdHXS0NDwteJEaMUQVBl2hH7bGgRUlSqsn/2gajfN0hwu5/D8PNBJzCHSiuSr
vRC/DVY2+2WhjBcwXYY6U0A3GvtuRTDoCKOOCVeR//WLZIG6JrGq75ivtwQXkeuLcSdf3gX51b6v
/wa9PnZ1xeR7Fkciq+NZuzc2WkAJ4FCEu5ls8iusGiLwb/ku1qE+sRDeuwXFzmGq697iv95F99rj
rr99ReqGF9EvYn83RZCNfp4rNFSE5RKZjJF0Wf8m1ha1XFjr0evff4N9BepZzLratdO1Wto64FS6
XXNsbO/idvbwe/v26719XH+A9AbW7MTdTNVpaGho+BAagaOhoeGzI6KWyB/bPHe/LfRbUJSQlZuE
WwqoUlYwXcLLS6WbBFqRY7ffCBy/RVBzu0yWcDkPLHMoKxM3NlkPJ5HQbwmDjuWs/NaxVw2gAd10
8V1bT1YRtV9SaaWIXD1C/f/r7r+sjpu+//itcgBufGSUL281e3VI5EoI2/QoqOo7AaOvP8+bws/6
z2K79wUc3/p9Jnwh+3sTrnJ0de2Vv6iieYbMpmjtzFLFXB15fss7St3NHVlzy9YWfnsPt7OLjEa4
nV0YbuGHQ6Q/NFGj06nbUOqGl4aGhoYvnOZM1tDQ8NlxIiQRJJGFUQ46wrArZKXdEV1utFWhrOBi
pvx0EogcbPdlo9n4PxJVUJY5XM6ViznMMxOa1iwOuCKJYNCBra6JV781py+rBYSq1XKuuTjUeiM2
BPNlOQxelx02ETd0tdjU6+P3NubguIHIsWpLqa0gd7F697cQ6s//xhqP/cVfrW19XUDaRKPT19bR
XwgmyukXt9+bsdk/HlpVUFWENL3l/fkVVgJHu41s7+Iff4N/9ARXj6LI9i6u3Yak9eUJlQ0NDQ0f
QCNwNDQ03CmSCHZ68M2ew0lARJgsN1tdVwHmuXI6g35HORorJ1Nl2IFWZJkQDW9SVHC5UH45Dzw7
rxgvlKDrDYusrplFlE5i4sZ239FNwLvfWBaLs+BKH6Hi1l9OqFpQSJFbTepHqFL8aIQAZYnmmdVB
rrvvUs/LRxESReh7x1xcXZvq7eu6ixsNFrAZrIVF9EvqX77ed3SDilwRRLxld4hHce+8i0UEL4IT
wTnWrrpWLMOjqOzcddfFWEWogpKXUFRKdcf3d1NUsHGPKEILz12RcsR7iBMLVW53cf2+OTEGA6Tb
g/4Av7uH3zEHhxttWb5GkoBr0rYbGhq+XhqBo6Gh4U6RRLDbd3yzB1kBi2zzRWoVYJHZiEU7CRxP
HCeTADgGLaUdNxd4b1NWMF6auPH8QrlcBMIG4yIiinPQTmDUFba7qyrJ3/pLDvEe5yOC9+s7GbSu
Ss1ytChuv17xY6LBql1XFa9rtidInd+Bj9AoMrHjnW9yiEQgMZtkUdgITAGaQl2V+sWgJYQMCUsI
RT0Ktc7fB8VZsKpEUAtwrx9B+xEIkROc6Nrrx6D2+csrsZrZO67PBVXKoNeCzB3f300R5xBvAgeR
X7vh6KPhHNLu4IYjc2rcO8QdHOJ2d60RZXsX1+4gnba1MyUtXKuNRpGdKxoaGhq+UhqBo6Gh4U4R
e9jqCY+C43JuDR6Rlzq8bz3bd1DISiUr4XwGr8aBX87qPxzYGAzcrJL2a6EKUNaOl4s5vBorRxNl
lq2/cPEOIm+NNb0WV6GxTn6nacE5iGI0rltE1r0I14CWBZou0TyzxoMvhaqCvIA0RfMcXXsmSK6O
n0Sx/frthZg6IAZJaifHum/8YO6HaoFWKWhxR+5l/w6qoCUaMtv3kNU1r2sgUrteEpAEkeidESgv
QuyFyJvQcTVy9cG7aWJBmgeKKrrzjgit3SZpee06+SoRMXEjSSDPPu0/GKvPsPeIj+y8GEWIj5BO
B7cSMvbv4R88wj94ZIGhW9uWt7ESPl/f5Kfb+4aGhobPQiNwNDQ03CliD8O2LR12+3V2QwJFJRSV
uTE2IS3g1aXiXaAMAJ6dfr0Q943IMc9gslReXConE+VyDrNlIC/Wnzxvx1YNO+oK2z1HO/7AYNco
sqT/dgddLuvWiw9HywrSlOCm1k5QFLYKuyt3XN9HrdppnhOWC8JkAlm6tjijAi6Kca020qrDAt/+
wbkYibpo1IOyZSMXa+1qBVWKIriwgJDXQoGs/bP6ZNStJ4QcqiVaTiCkG7hPHOISJOqB65oL5q33
VeShFUMngWW+/jklqJAVMMus6roo7/bbt1ILgZ6lyiLX+rz69WGjIDGu00HzjODW+9xs/sRioyTO
2ehJr48bDm3UZDjCDbdwgwFuuGWOjfohvb41oaxapRoaGhr+YDQCR0NDw53CO6HXtlGVra4waAvd
RFjmSnWDofSshJOpkhZKNxGGnUBaCG3qqsP3OPr/SCxz5WKunEwC5zNlsggsc5uxX3dCJamrYfcG
jmFbaEXXi73fut6+nilvmwthg4wIzTOLeUzTa4Hj9574c7KyJZUlZBk6n6NFbsGEayDi7C5vq2XH
0EfvvmaJUGkhvoO6ZH0BSSvQzNwlIX0ty8JxNyNHFXOdVBByNCzRco5QolqtPaADEUgb8R3Exe8I
SN7Ze78VmXtp3bfcKs/C5VK3R9kT3FWRQxXyUllmSl4KxdeqcDiP1OJhiGLEbZAPtAkiNg7jPNLt
4XZ28Qf38Pfu4w/v4/cOoGO1r9LpIEmCxAlEGzrgGhoaGr4SGoGjoaHhTuFdvVDwwnZP2B8ID7aF
sxmEmV1Qb0JZmUNhmcPzi8CgA3sDYbtrz9Nvm6X8j+TkCGqPqoKLeeD5eeCnU+V4Ephlmx/rTuLY
6QkPt4XtHrQT+bAFmq8dHJ0uJAni17xTqgplgYZAWC7MxZEubbtxdPdUrKqyYNEiRxcLdLlE0xS0
QsKaGREiSJwgnS6u24M4fldvkBh8D/wAXNsyJdZ5CkBDiUhAqzmUM7QYI75twom7Y6m9Wplro1qi
1RSqBYQMlVpUWuezLg58C3wffB+V5J1q1MgLnUTotoRWqvh19TmFMpiYu8yVtDDhMfIm/N61eusq
QJrDeAnzVMm/oImwtVgJh90ezGe/EuB78+dYZehIHFsQaNJC2h1odfD7+7jdPfzBoYkb9+7jdvdM
DO50m3rXhoaGhtdozogNDQ13EhFzAdzfFv4tc/x4rCzziumGTXtBlbICVeF0qvx4FAgqfL/vELFG
FecA98cROcrKMkrS3DI3fjxR/n5UcTFX0nzze5TdBHb7wje7jt2+o/2B/9LYAr1nFut2e4MMDrXA
EFUkz9DZFL04t4VJt4e07pjAESrCYobOZoTpBE0XECpUw9oNHOKc3cHt9pBezxZIb6tKPoGoD9EQ
8V1zdKzzJLpyRChSLZDyAvKXEG8j0TZwxwSOUEA5huLcHtUcCKZrrP0Zd5a/EQ0gGiCu/c5GkqvM
GeFyoTi3QYtK7ZhKc2WWKZcLpduSuoFo3X3+uFQVzFM4nyrjpZIVdzw0ZEMkji3MczBEpxNrU/kI
z0GrXbegDPHbu7jtbWS0baMnwxHS7+MGI2QwwPUHSKd3FXr6B/knq6GhoeGDaASOhoaGO8ugLTzY
csQO0iLwarxeXenrqNrMeFDlbGYNLWfzClTZ7llzS1SPq/xRrhaLyrICZqkJHP84rvjbUUVZQVlt
fhDaMez0hW/2PVtdofWh6944QrpdpN+3HIlNBA61bhBNU3Q2ozo/w6nagr/VWvelfFS0LNHFnHBx
js4mhHSJBsuGWPtd7py5Xno9EzmSFu+8kSUx90Y0Ql2nDhpdDxNeFKolFJeQvbA2FtdFfG/t7X1U
tIByYiJMcYaEOciGS1NxJmpEQ/BDG/F5K2Y09tBNbKyuHbu6EnmdkFE7R1XAsoDZ0gQOEGKvJNHd
OjGVAeaZcjZTpktznHyV+KgWOEaE9hn4j3DpHCcmwm5ZG0r0+An+/kP84X3cwX0TfH2ES2JUahVe
TJy/k/NLDQ0NDZ+RRuBoaGi4s7RiGHbBOcfBpbI/FCZLm09PC3NkrIsqdqdR7QL92bnSbweKyjI/
9gZCvyXmGP4KrxurYMetDHA0Vk6myovzwNOTwNlMyQpBdf3cDe8seyCJhZ2+Y7snFhDbgvgDvfqS
tHADC9EL3a41F2yILheE81OqX34y0aPTRXr9jbf3USgK9OKC6vnPhNNjdD7bfFuryshV0GCrjbwt
EPkOkuyg+R74ASrrHt/X3hTVFPKX6Py/EBxEWxDvbL7/HwENKeRH6PxvaPbcxI5N772LR30XF+8i
8S7qupZ78hpJJAw6Fq7bTcLaIyqvs8yV87ny7FwJqnQSoXcH9Dmtz5tVsHDRcS3CzFILRf0akSSx
gM/tHeTk6EbnJRtD8UgUIb2BuTKGI2S4hQxGuO1t3PYOfv8efmcX2drBjUYWwLwKHL29l9bQ0NDw
VdIIHA0NDXcWu2MpeKfs9IS9AVzMYbqkdhlstt0qQF4pIbdFfuQDeQmPdoQkcrQiuSqG+NpujoW6
+WCZW1vK05PAX18FjsaB2XJVxStrCxyRNzHDFngw7FiuSRKtYa1PWkh/gBsMkXb3RndKNV0SLs+p
XjxD+n38/r2Nt/Wx0CKnGl9QvXxOdXYKy8Xm2xKHJC2kP8QNhuZWedvA4dqoHyHxNkS99UdUXn++
ag75MSx/hHgP6Xy78b5/NEKGFqeQPoX8lYkyGyLiEdeBaBvibfAd3jei0m8Jw47QTuRGGY9prlzO
lRcXgW5iwutdIKidd9PCRI1ZqkyWgbTg683giGITSEdbN8+7EGdujVYLt39ggaEPH1+3oAxG0Ong
+gNcr2cZHL4WN762f4waGhoaPhKNwNHQ0HBniesK115L2B8K97cc0yU4UeaZXWRvQlXfgcwK5dlF
4GIB5zMlLx07fcewo4gI0R2beb8NggppoUxTC1v966vA//6xoqis5jFsWIQQOcse2BsIu30Lbh12
1tuGa7dhOEK3dpBez4L3NkQXC8LZKaVzyM4u/vG3a0Zqfnw0zwnnZ1Q/P0VPjtDZ5gtwF/krB4cM
t2xh9HZLiusg8TYa72/o4HiNcoqmL+wN03qIVP+++bY+FrWDg+V/QfoMLS8335Z4C2hNdiHZRVz3
nePbimDYMSdYvyVEN4h8WeRwOlMir2z3lEf53WipUSx8eJ4p05WDYwmL7OvM34DXHBw7uzY+F2+e
NSO+HiXr9vD3HxL9+V+I//v/eqPitaGhoaHhZjQCR0NDwxfBqCM82XWoQhIpi6yiKM0ufZN2wrJS
0kK4mCs/nSrelZxMHPdGjoOh0Enszmw7/vyLi02pAlfNDBdzeHkZeHkR+OdJ4GhsdZSrRpV1Wd1U
bMfKvaHj+3vCw23HqLvB8Ypjy48Yjq5C9KTVRqvSalTXIU/R6ZgAhOMjwskRYTiCljUT3MhmfhNC
ZfkgyyXh+BXh5JhwdlqHjG6QoBtFVqnb7dviqz/49ZBRicB16qDMLSTehXjbRjlCylq2nZBagCdY
Dkf6M5Lsguta04hL1n8tt4GWUM3RcgrpT5A9J2RHUF4iId0g26Rtj3gf4i3ED0Da1kjzluYQeegk
Qr8NvbYwaDu6SUUZLO9mncOblTBZAgSOJ8LpVBh19epc9LkCR4sSLuYmDD89CVzMlar6esUNwGqX
e31cqJDBEFqWh4GG65rnDyUEKApYLu0rYoKJjz57rasuF3Wbk7VP6XwO3uO2tnHbu0gSo85ZBXVD
Q0PDHaY5SzU0NHwRbPUE5xxJJJRV4HisTJeBrFSqNa8xX6eoLHhUg1IFmCyF44nyw6GNauz0V6GB
t/t6PiXVa2GAz88Df38V+MdRxdlMmWVizo0brFEEpR0L90bCXw4997ccozXdG0C9kHA2k94bmNjR
akOeodV6K0TNMrQKSJqauHF8RNjeQQZDEwQ+l8BRVYTFHL04pzp6STg9pjo9htkMLddPaZQoRjod
XL9/PdPf7aH+PZZ2F1swoe9DvIXWAgfFJYSMtfIpNLM3VlhC9hzSXyA5gHjXwkw/q8AxQfKXaPoz
ZC/MxVGO0bBBCqZr20hPvAvRNur7iO9grSpvHt/YW0hxv10/OlYZu8zrBqc1njYrlCooy1w4mSin
U2Wnr/TbNg72uQSOvFIuFsrTE+XpqQkcNzl3fAlIkiDSR5PYxudabTt/hMqqZNY5L1UByQsrI8oL
O/HGMeL9u46rT4wuLLconJ0SLs4IpydI0iL67k91aHFdP90IHA0NDXec5izV0NDwRdBrCa1YEALj
hfDy0rHM4XKhFEGv6hXXJdRjGVUFWRm4mAuzTBCBxHsLNK3LIaJ6ZMY7+/O7GEKqlp+Kqok3RWVz
8idT5eWFuVT+cVzx91eBZWHiTtjQ+u4cxM4cLts94WAIj3csYPSDm1NeQ6LIHAndHjIY4EfbhMEQ
phM0z9ZbSBSFhXguF4SzE6qXz61ece/Asiri2Baon+quaQiggbBcopd17sbzX6hOjtDJGM2yjTYr
LcvdkK0dZDjEdXvmUnnvdzsQh/ou+BHSOkTzV0go0XICrGGFCgVQAAvLt1j+kxCNkHYOvoe4Fjhv
z/kp0ABamXsjO4bFP9CFhYtKeYlWy402K74H8T7SemCOF98198Z78M4encQaoLa7MOpank1aBxt/
KPbZXWXlBF5eCoMO7A0crUiJHIjIJzsHFXXm0WQJJxMLP31xqUyWNxNHvwQkju3knyQWgjwc4no9
NM/RdLnWXJ+gUJVoFSBdoos5Op2iPoJ2G9HWp83aCAENwSqrV3lAz5+hZydURy9NzBFBkwS/vQOd
rok8UWSf7xuMETY0NDR8LBqBo6Gh4YtAxBYP3ZY5Bf7lvpB44empzX9nAVQ2v9hW7IY0wGSp/HRq
wXkHQ2Gvb+Mqu31hu28BmpGza97PdSf116jqkZ2iUs6myunMxI2zqfLy0pwvp1PIAyiCbhwzaeLG
Tl/YGzi+3RPujTz9tglRN8kfIIpwgxHu/gP8YkolwGK2cUBIuDin+PHvaFniv/nOLtp9ZOJA69Ms
KLTIIcsIF2eUz3+h/Nt/UD39kXB2au6UDZFe34IKHzzEbe9A8gFVGxJDsgPtb6C4RKsUslcb74Nm
R+js/yChQKs5zndtHMZ37fEpsiNCCmGBZi9h+XfC9P9F5/8XyV+heoN6j2gE7cfQ+R6SA6uK/R1i
b66vw5EwzxxVCEyWUG34WbuYw4/HShUCT/YgiRzeWYBv/ImyJ2eptbo8Pw88Ow8cTwKXcxt729Q9
96VgL08Q7+3zdnBIdf8UHV8Szip0jfE5VQUNiMNCkH/+J0US47/9E5Fz0O5cC6+f4ryU52iWossF
1fOfKf/2n5Q//xOdzdDJGKIYrUrK8xM7z+wd4A8fmMtuMES6d6wauqGhoYFG4GhoaPhCEBQn0I7t
LuZKyJimgWdnUFZCdYMrbdX6/nVdf1hWlldxPhX2BsrFXPhmz+Gdox0rXIkbd8vGEdTEjayAk6ny
01ngl7PA2VQ5GivjhZIWdrwCJnJsSuTtTvWDbcejXcfu4Dqz5CbX5hJFSL+H29/HjS/Q6YQgbmMp
JozHaBXMEh4n+P17llVRB/59khViUVruxviScPyK4p9/PtfpagAAIABJREFUtwrb2ebCDYB0u7jd
XfzBoS06kg+wzkgEfgitB0hxahka4jZuUKU4N3dKKHC+jbYe2ViHeMv8+BTHV3O0nNatKT+j8/9A
53+FamLOjk2JBubeaD8xB4f8/uiNc0q/LewPHZM0cDEHkc3PTZNU+eU8UAYhjoSDoTJoCyJK5EE+
wTlonlnr0vNzO4+cTQOzlBuPt30JiIi9h1Wt2WRnF79/j6CBMLmEtc1BimogzCbw8jlaFdBq4fcP
0N19G1f5RGhZu9zGl1RHLyl/+pHq6T/QPIcsB+cI8yly9Bx9/C368AlQH4tWuxE4Ghoa7iSNwNHQ
0PBFIGKX8UkEw47inaOq4HwGZ1PLl1jkME21diWsf9GvCpVq3bAC40Ugy4VZandiiyqQl8osc3QT
aw3pJNejK5Gz8RX/CW6+Bb1ugykrpais3WCRm6NllsHTEwsSfX4RGNdNMcv85quR2NtrHnUdByPh
ya4FwO705HYCEKMI6Q/xh/fR+YxwfgpJDKG0F76mkKXLhd2pVMUNBpSjLfv93T383r65Hry/UTvC
e5+3rMNRy4Lq7MRGZZ79QvnzU8LL54SzE2ST6prX7vDKYPSGg0Pi31+Ai8RoNELaTyybYvnP2mlR
Wa7AOqMq1JWxIQMNaLyFJPsEwYSBVnU91nHbuRxa2KPK0Pw5mj6H5d/RxV/tNeWvUK2QdYVPcSbO
4CHaRtqPoP3Ecjjc7ztkIgf9FhyOHPNUOR7bWMlqjG5dQWCR2Wc7KPRaoc63EbZ7sNN3VsUsSuRv
76Sjas+ZlxZ4+uLSKqWfngZeXpojZdMWqy8WEaQ/wN+7D/M5ZVkgJ8cEmdq/Nuu8z1TR+ZwQAmRL
wvYu5fYu0mpbJW2/X7vL3O2P0VVVPcKXo2eWuVEdvyL8/BPVi2eE4yNzmoTa3zefwpmv+9ULREHT
BT7PIUut3rvdMXH1Y+xvQ0NDw5o0AkdDQ8MXhQgkkQDK3tDx/YGCOn46U55fVEzTgFyNXtz8gj8t
VzkfgUUOR2PY7llLyE5P2OoJo66w1RW6ibUodBO7Gf4x5uNXGRurZpSVqDNZKJf1Y7xQzmd25/h8
rowXsMwD5Q1uZL9OpyUMO2bBf7TjeLLnuL/tGLRXd6pv9sLFR7jBAMJ93HyOe/EM6XbrNpVq/UYV
DWhVIos51YtnAITLC6JvvkXzFLe1Y7kf8ehG+/0OWUqYTdHJhPLnf1L98pTyl6eE02N0OjVxYxPX
0UqMiSLc1hbu4BB37wGuP4APEDiQCIlGgKLFhYWDRqPa6ZDZuMdahDrcc2pZHIBkx9D7N+inyGr7
bnf91/pbVHMoL9H8zBwbi/9EF3+DtM7d0MqyOdZFYnAtxHdt31sP7RENPkikibw1qagqs1TYOrMM
odX4WF6u9zMPaiGlsxSenQdCMHfZkz3hm8pyPrq10HobXLvj4HwWOJkqPx4Hnp7aiMpkqWu/hq8F
6Q/whw/QPMfNJkinY1Y+U8fX21hVoumSEALls59tHGQ2wx/eJ3r8DWxtQxRbCOktKuaa54TxBTq+
pPrlZ8vdePoj5dFLdDLhSoVTq0u311YRLi5MpJvPcafHhKOXhHsPkL19G1sZbX2U/W1oaGhYl0bg
aGho+KJwsnIQmMih6hh0BO9LslL45ax22q+X6ferpIXdxZykZs12Ar0ksDsQ7m057m857m8J+ZZj
t2/71I4FR90iecvXeVcBoqVayOpcOZkGXl4qLy4CR+PA+Vw5ugyUAapgC6tN7hz/Gp0YdntcjaY8
3nUcjizw8DYySdR7ZDDEtdr45YJye9sC+LIU1Xx9gSMEhIDWAkd1doo/OUaz9KpNxYnA8HYFDl0u
bRFx9JLyx7+S/8f/ofr5qdVDZrkl226ArASOdhu3tY2/d4g/vG/Bfx/ScCARREPwPSgnuNY9QrwF
ITVhcE2BQ0xyg2qKLn+E9CWavsCFFHGx3Q3G2YjHbVLNIT+B5T/R2f+HTv43uvgvc5NUS2TD0RRx
iR2beATJPrQemotDfO3s+G28mKDRjoVlDjs9pZsEssJ0oHWpAlTY6FxRwulUOZ1BUXnacUDEIdhz
3pSV3lYFmKTm3PjHceCnE6uFPZlCFb7+5pRfQ3oDnI/wIVCdvIJOx4I2N/gsa1FAWVrA8PNf0MWC
6vKCOP1XpN8n6nbNNXLLzjKK3M5LL55R/OOvVP/8B+V//l+0yNEyvw6jgjeEGx1fUk0nVC+e445e
Uu3t4x8+Iv7+z7h2x47Fx9jfhoaGhjVpBI6GhoYvDhFeG1exRpPHu468gqzwXC7MdbHIreo13DCb
4+rGXP01BLUxZJSsCExT4WwGw7bQTZRBR0ii6xBA766rHb0TnKgtqFdfqcPnWO2rEOpFxGoM5eru
by24pIUyq0dRLucWAHg+s8c0VeaZWoio3o6TZfVaWpHwcMfx3b7jmz0TePotIb7FsXFxDtSb9bm2
hEff/5nw8gXh/IyQnWy24VBBYcJCOD+l+uUnRCCcn+F2dgnHR2YP73SQdsfuRMaJjcw4925jQFVZ
A0FVWYhoUVhg32JueRunx4TzM6rjV1TPfkJPT9HFHAlsLG6ABYu63T38wT38/YcW9pe07O0pH5DI
IGLHV5w5K1rfIIP/hTpzP1BOX/vmD/ns1N8jCiEHKmtWWfwXAXD5EbQOIXuG+r6JB75ngZ2uZY6J
94kHWtWPEkKG1kGiUs3QcgbZcwsVzX6G+V/R7IXtuwZEwwfu+9VBuX4l0QhpP0I631m4aLxtzg29
/r7f3FIt9DmBXgsOt4QfDj3PzwNns0Cav3PkPogQsFrsAGfTwNNTAMfJVNnuCXt9pZPY2FwrFms4
iqVuXHnXUVatzi/1eFtWi6bzTJln8PJSeTVWfjlTq+VO13effG1IVLedDAYWuPnwieVVjMeE8eX6
n2s1p4QuFtZm5RxVFNl4yMkJMhqZM6LdqUOR64DkOL4+H72totfVYBoqyPO67SU1R9libi1ORy8J
Ry8Iz36xCu3F3ITK33I8VVUdiFyg0wmKDbMVWFOQzme4w/u4ew8akaOhoeGz0ggcDQ0NXyzeCe3Y
bLT3Ro6yvjb7+UypVEmLYHZ5NpsEeIfarlupkBbCxVzJSmtdORornVhIPLQTu5vaa12HbrZiEzwS
L8QRJnI4+wrXAkcVzJJeBXNpFJXNwK9EjUVmws0yU9JSyQphka8WJoFlbt+v9UXnbYWgxt5e06At
3B8J3+45vtmzEZ12/BHsyM7uSrtOF7d3QPTtnyiDQlkSTjcUOOoGAwKwnBOOXlDmKe7iDLe1Q7X7
Cr+zi9vZxY22LECv10fabbNev91sEAKUBZpl6HJuM/XjS/T8jKqebQ+X54SzE8LlBTqfIUHrytjN
35DS6+P27xH96S+4g0Ok1zdhYxWG+EEbEVAQ30VbD6D773ULygJdPr36lrXQ1ZIHJMzQ9GckLAnF
EcQHuPbPaHKItA4h3jdxJRqY4EE9v//6+1Ur0ByqpY2/lGPIT9H8FZq9guwFFCdo9hzNT5FybJkb
5nNac+e5EoiIRmjrMdL/n0j7MeIHtl9rHI/VsWsnwt5A+P7AEYKJk0eX+uY3rbF/ilCGawEiKwKn
UzGBY2CZHNs9y8fpxNAHiAUvinsro6Oqx2WyQphnMF0qF3M1h8gUTmeB85n9/yz7446lvI6KgI/s
vLS1TfTwMWQpVVBkOtm4EUnLAtIFenFOqUqYzwnHR7iDe/iDe8hoy+pZhyMTXwXECfaL9wgcdfZP
mE7R2ZQwGRMuL6y16fyM6uwYPTulujxHpyYKKh+eb6RZyusSYlEWaJ4RxzFu78Cccc2YSkNDw2ei
ETgaGhq+WFa1sd0WiDj6bassda7ichE4n1lv7Cq34lYQEyFWdzmZXm/Z1deaXmCra4uOUdfRTpR+
29FpQScWOvF1xezrIx2rWfuy4ircLy2UeWqixiyzfI3x3BYcq7GT99vFb/fishWZuLE/tEDRvxw6
vt13V6/51hGxrIluH3/4EJy3O5HT6e//3d8iBCCgsynVbEr17GdkaHdJZXuX6PE3RI+ewP2HdvdU
BHEerWsiX0er0uzeyzk6HlOdnVK9ekl49jPVLz8Rzk/rhcX5zfb5LdxwRPTwMdG//Q/c7r4JHJsE
+4mA70PnO8R3CdUSslNUN/2Zai0uBBMjyjG6/DvEOxDtEJID6P4Fen9BOt9D6z72yfT2oeGtu761
c4NqhuankL+E9Cd0/ld0/l8mcpTnUFwLXjd6K4rtPfEOrvsDMvp/roWYzTZHJ4H7W0IrgrwQJos6
02DDD02oP+zT1JxaP5/Cdk/Y6sLeQHi0ozzaddwvA6Ou1M4xRfybT7vK8cnLVQVs4HSiPL8I/HQa
+OnUHBsrUbXBEO/NObESXr/53sZMZnPCq5dAsdmGa6dFNZ/D6Sm4H/Hb20RPvkWffIM7fIDu7ePB
sjHiyEQE5955P12dl7IMnYwt3PjoJdXLF5Q/P0VPjgmTS2uA2VSQyTI0y5DFnDAd405eoYs5bmeH
6Ie/wC1lYDU0NDRsQiNwNDQ0fBUkEQw6dkH13b4nBBh14GKunEyVWapXox4fFbV5+bRQJkuhqAJJ
LFwuwtWYRxLVTSu8uS4NwcZKVvuZl1qPpZg1PS3MqZFXr+XAfcSXEjlboHUS4eG24/62iRtP9iz3
5NduIN7uTngLHNVAuP8QnU7Ri3ML75xPzXp9U4qCMJ/hgEqAxZzq6CXS7SLdvt0xjWJcHF+9WFU1
90ZZ2D6kC8JsZjWw52eE8zN0NrWRmFtAkpYdh/4A/+gJ7vCBiRuDwQc1p/z6hiNzKCSKdJ5AcYJk
r5DqAoozqGY33/mQIdUUzU2I1GoG2S+oH4EfIFEPlQR8izcWRSGvBY5F7eCYQHGKpi8hP4JqvEEg
6q/g2kiyZ+JG79+QzrcQ7yPREJV446WadybAKnBvJFwuHOdzzzS1jIvbaDXKS5hlAErQwDSFl5cm
pPZagXZsI3KRrEbr7JGXUJSQFibYTpbK5dwaqeZ1c8ttBRN/dVw1PT2wsbTLS8L5KToZo3mGLtfu
jjVUEVFUKzRNqc5OUAJufIm8GFA9/RHqETpptewfELcSXmt3WFGaI6QozL0xm5nQcXlhrSnTCZql
iOoN//0QSFr43QP8o8dEf/qznZOiiEbcaGho+Jw0AkdDQ8NXQeIF1zKhowrQTTzbfeHpSWU1qqUJ
Axu0jH4wdTQHAMsCs5LnNobineCcZW44CVZ7+5brXa8uOMWcGXUOR6jzN6pg4zFVVeeCfGyBw5to
tNN3fLPv+HZf+Nf7nmFHGNTZJx/bhSxRDL0BLmkR3b+ExQKdjOHVS0JV3orAoXkGoSJkGbowa7i0
2nYAohjxkblJ/LXDwGoUS7SqkGDNLqGwu7BkmQWYloVVxd4GSYLb2cPdf4B//A3+/kPc3j4SJ1bP
uCkurttBWkj7GyinuHJidau1e+LGhAwlQFii1QzJXhDmbcS1QCLUxahE4OI3PpuiJaIlaImGHAm5
BaFWCyQs62ra2zm+4rsWJtr9M9L9V6T9LZIcmLhxg3pb75RuArG3UOJFnXHx/ELJKxspuylZqQQV
0txcF68uK1p19kbk7asXxYuitcARgLA6lwShqM+RKyE1K67H5RreZdX0pHFMVFWEszP8yRHBOcJk
vLnAAagGUEHTBeGsdpslL0zITCwTCO+vvoq3cRDRAFUJVUBXeRlFYeehPDeXSJqaAFOV69dTv3kE
bKQsaZuT5U9/wX9vAoe6qGlRaWho+Kw0AkdDQ8NXQeTt0Y4tZLHXhl7L4TCLtaoyy4RpanclVwGe
t82qwaWooHijNlB/5euvbmWDP9uc1eXoKiAx8jDqWLbJgy3Ht3sWLPrtvrtyn3ySa1jvLfSz00H3
7+HT1EQNEciWhOUCWQV9bnrBXlX297MMnb+7oLdsCwe4N4++2rjLR1PMRK4s8W44wt07JPruB6JH
T/D793C30vriwLXNwdC6b44ILbAxkwlaTU1E0GKzylWoK2RLYAlM3v0EiEOxx+sLo+ua1/Dm93Nb
nwKxRhmJIdmzUNH+/0C6f4bkAUTDG9+H9s7cWq0YdvtCVgh55QgEFrljmQeCCmW1eTOJjbVdj64Y
1xsTTOBwUgcPix1RVWwh/d7nbYSN38T7OpC4C0WOv/8AvTyjFAAhzGd2Xtkkb8d+MNZqUuQwnbz5
5/Uola7OD7VjwmkFoUJvuzbrfdSBp353D3fvPv7Jd+YsG442G5draGhouEUagaOhoeGrI/bQTYTd
gVAGGwm5Nwq8uLAq1ekSlkWdodFwjSqRF4YdCyu8NxKe7Dme7Nqvd/tylRnyOW7QSa+Pu3efKIps
+VUWaLD6V51OIf84P1Ctw0nFXQtBqnq1EPloeA+9Pm4wxD94RPTdn4h+qINFb7nSFrDq2NZDq3YN
OVLXxkp5aRkYuvld6d+kDicVa1m+QlB7/o/zrLV7ZRviPaT7A9L7b9D779B+iMTbt/50vZZwMHJE
kVyNoAWFeQaTJWTFx3kvqflnTMwQ04yu3rmNjnFjpNPFP3hk/9NqUyYtXLqAdElYLiG/nTG1d55X
V/a+EhFBQ7Dfu9XQqWuuQnhF8Lt7+MOH+EdPiL75Hrd/DzcYWNNLI3A0NDR8ZhqBo6Gh4asj8oJz
Zg+PnDDseEZdiL21GChKpWYVb3iTyCnDjuOwFje+P3B8d+AZtO0u9CdzbrwH6fZwPkL6A3Q+RyeX
yHSKOEe1XH40gcNQs46/9XsfE/He2hq2d/H37uMePMY/+Q43HMJNcjd+Dd+HVmQ1qeUlWp5bdkbq
LP8ifCSBA67DSV9D9SOKGwBESDRC2g9hVQnb/QGiLfDtW3+2TkvwHvptYZbCZFmxyAU3tWydbMN8
yt/H6qd1FcBxpdJ9rOf7YyHtNu7gHnS7aFUR0hQ5fmXZn3mBcvsCh0Dt0njTIbL6zOhHcJWJiLXI
OIdsbeOffEP0/Z/xhw/wu3tIr2+OkmY8paGh4TPTCBwNDQ1fHd6Bx4SOJBKGHaUVeaoQUIVeSzmf
KUkUyAoLBC2qj+/qvWu4OgfEidKOLEx0qwMPdixz48me4/Gu43BkGQKf+7pVWi0kSaDfJ9x/QDSf
2az58Stzcvi6aSXPPs7YyCfKI5CkZZkbwxH+3n38oyf4b78nevgIv7cPSevjLCJcy3IxohFafIOU
UyAgvodSoVlkla1vCB23cUzqbbx1fG/3Fb62NdcG30HiPRM2ev+G9P5b3exyaH/+EUi8ZQXRsmaV
ReYIAdqxEkJAMAF2FSJ8u8j1T+qG25a6LtvVVaVOeCMz6A9HFCODIb7XtxDkdIkuZoSjI8LxK4KI
Na2UxQ1zL2pef3NcOcle+62bP8ObrMKWOh1cu4P0evjH35ij7Ns/4Uaj/5+9O9mNJMvW/f6tbY33
DdvoM7Mq6zT31jnqIEAQIA0FCHeoRxD0BsKVAE000stoJI0ESBONNbkT6eIcXZ1TVVnZRcvOnd7a
XhpsczIiK5uISDqdxvj/CqzNzKS7m5ERBtrna6+Vmh2XrZt+ZQD4KAQcAO4vT00988w06EifHQT1
WqYHY9fri6jnZ6bn51Evzlwnl64Y7ao/x6dg02ujyEyPxqZHI9OjcdDhMP3z4cA06pqysPtw40p9
INn+oey3Udbtav31nlS2FL/7VvGknmBS3VBzzx2wwUBh/1DZw0fKHj9T/psvlT1+khr4ZdntNPAr
jmS9fyFlPXm+LwttKRvK59/IF99IXt2dPxPv6eo+MN+XtR+n8bjd38l6v6/DjQepJ8ctGHWkL46C
2oVp0KmUB1OrCDqZSq8nruoON/cMSn8N88xS76M89RBZrk3L9d097q2pR0nLTOHgULlHWaej6g//
pKrd0jrL5JdT6eIiha9NUo/rVgjKDo4Ujh8qe/qs7rnxucLh4dWUKQC4Kwg4ANxbZqbMUjXHoJ3G
NT7eNz2+cL26MH1/6vp/v0974adL12rtqqJ9MqXbWUhTZzql6fFe0L94nBqJjrupf0m3ld6dze7a
lmoz2d6+8uFItn8o6w1kIdNaUlyv5Kdv0qzehgr9obJHT5R98aXyz79Q/ru/UXZYhxu3dCNh5bFU
7EvlA1k+klsheSZVS2nxXFKVSvAbGHKEYl/W+Z1s8Pey7l9L/b+XWo/qhqO382vRXi9o2JH2ulG9
ViaTyVSpiq6Tqd/ZP76bLWqZpTHSrVxql9J8bYoxbmEzRkOE1IQ47B8o9AfKnjzTqtW+al5cvQny
+ba30W1BvSVFRSE7OFD2my9V/v1/oHB4rOzoWDYcySzQWBTAnULAAeCTkLatpLRj0En/Lg+pjWGn
lI6Hpsul6eLSNVlIl4uoy2Uaz5pKrxt2J/cDIZjMXGWWmh32WqZRJ42BHfeCPj9IPTeOhynY6JSp
WetdZfWIxDAYyo8fKFstpTxPjUj7A/npieJ0kkrGYz0S8SbKw2/S1bujmUJ/IOv10raUp58p/+wL
hSfP6mkpQ6ls3e7oRcsky2T5SGo9luIy3fxnXXnWl61fSutz2fpNPca1nrxyl1i4Di2ysZQPFYoD
qfs3st7fynp/LbUep4aiW9qW8lOyIAWT+u2gw0HampJnUqfl6rZMp5eu6dx1MYuqNq0WttyR5OcE
Sx+twjTqmPZ7Qa2iHi8bJZu51pVJy08kHf4JluVSO0hlqezhI2kxT9vNXr1U9d1Y8c1rxemFfHKR
Rky7bm3r23sLoR4/XaYmx3v7svFeqiR7+rmyh49l/WGaIpNxGwHg7uHKBOCT08oltU15kLKQ3kl9
OA46nbpenrteX7heTUzxwjVfudYN781h9c1JlqUqlqNh0GFfOh4FHfTTKNi9nrTfC+q3U1VHFhoQ
6JjJilxhNJLkqdlfr6cwGKj65mvp5XNVi6VsbfLV3bwBt7yQilJh/1Dh+IGyJ09T9cajJwqHxwr9
fmoourPOroU835PanvpzZB2FfCTN/klafC3N5lJc1KM57tj3V0EWWvLQkrUfy9rPZJ3fSZ0vpPZv
0rSUfCS31k6igzSS2TXspGMtstSPo9eSvj1xvTirtFilkdNrl6odXoM2lVydQjoamn5Tb685uYx6
M00BzeyTLd94i5nS6GUpjPclT82Rq+ffp7X7jfTiO1WL+XX/jF3+YH+EhSC1Wil0PTxW9uwzhaef
KX/4WOHgSGG0J2u3JcINAHcUVycAn5x2YWoX0qgrHQ0zraug6UL6/izq6zeur15FyVzThavy1Jxv
fdfu3T6ASQrBlWdSvxP0cGz6zWHQ54emR3tpDGyoK5EbEGu8qygV9g4U9g7kRw8VD48VHjyWdftS
yBRfv5HPJasq+R2r+7cQZEVLancUjh8q//KvVPz+7xUOjpQdHskGw10fohRKWXkklUdS+4nUeiTr
/FZ+PpYmhXz5PH1dXEq+tTEgHynIrZRlA6n9mWzw78tG/6ms9VAqH6ZpKdrtn/kyN5W5tNeTDvpB
+33X0dDULVPT0deTdOGJbqp2+Oc3WOrV02+n7Wy/fxrUaZn+9CpNpZotK8ZuS1cNOU1BdniscHgs
f/xU4ftvZaOx1OnI41rVm1ep8WgV7941N2QKnU6q2njyVPnf/p3y3/97CsORrN1OPTcA4A4j4ADw
SUvvoprK3DXummKUWnnQuCc9Owg6u0wjHC/mrsuldLlwzZepb8d8Ja2rNH5x1+/BpV+SXWV+fdPU
bZm6pdWr1O+Y9nqm46HpeBh02DcN2qnPhpneHSHZQFbksn5fWYzSapXGFu4fys9OFM9O5Bdn8stL
+XSiOJ9J63X6uA15nrbQlK007rbfVxiOZaOxwmg/NRE9fpDeIR0M7mbTPivSlhW51P992qpSHkvL
l9LqpbR6Ja0n8vWpLF7K4zIFH7d0bAqlFDpSNpCKkaw4SM1Sy2NZ97cp5Gg9lLKRZFsYs/srFZlp
0JYkUxWlXkva70mnl9LpTDqfpevPZB61WG8ml2zjSFxmKQjulOnasd8P2uuaHoxMT/eDHo6Dokut
3OrqnU3vog+7Em4uN8Gs3kbX4AvQT7CiUBiMlD16krbV9XoKRw/kpyfyyUR+fpbGXl9OFGfz+vv5
l9NRtnNspVQUUqutMBgo9IdpKspoT9nR8VVT0dDrpy0r4Q7vWwSAGgEHgE9aqm6QWoU0svQL/cFA
enoQdLlwnV66zmfSm0nU64nr1YXrZOK6mHnqzRGl6L7T/fGb8zBJ7VzqtdPUmMNB0MEg6KAnjXtB
+31p1A3qlqkPRytPe+pDUCqlbvq9RZanhqNlS9bpKDx4qOyLL+Uvv1f1/HtVL75TfP1K8fl38lNJ
i7m82spMzr+U57J2J42TPDhKx/bgkbIHjxSOHqabik73Ktyw8i4GHLmUD6XQloWOrP1U3v+X0vzP
0vwr+fxP0uI72fxP0uqlTFb35riF728oZXlPyvel8rHU+VzW/lxqP5O1nsnKA3k2kIpxCjfC3Qs4
8kzqt9PfyXZhOh4EfXFo+u7U9d2Z6/sz6fVFlMsU59K62twH3+z31ywNle2Wpr1euo48O0iVXo/G
pkHHtN8zXczTdr9fc9kwsxRumDU5W/15WS4bDpWVpcJgqHj0QPlv/krV8+8UX71Q/PYbVS+fK76U
tFpLsZJu67pUFCkIHoyUP36i7OFjhQcPFcb7CodHCuM9qduT9frpGkYzUQANQMAB4JOWfpmXQmYq
svSuqXsqCXdJp5eus2nUm2mm52dRw47rRSvqfBbUK6OmdSPSdTRFl6qYwo4Y041H6t1hiu6SX9/q
/VxvuXRMaTSru6d3NutHpmqL66qLTbPCzFx5MA07pmHXNO6lKo0HI9PRMGivZzoaBPVa149790W3
8d29ZVkmyzKp3U7NRt2lqlL1/b5sNJYNBoqDoaqilHV78sup4mSSqjg8NSH1WM8J9ph+SDFK8nQT
+cMfmNXvOFsdLwVLjS3r1erxigoh3SD0+sr29tMrUcG/AAAgAElEQVS7ok+eKX/8ROH4kcLDRwpl
63piwV1lmWSdVCWRDyWPMq/SeNXySCr2pOIg9bxYDuSrM1l+LsWV3CtJVbp5U0wfnr636S9Gvb77
gtffW9XfW4X0va2boLqCpExWjFJ4URxJ7c8Vun8ldeqqjfbnUmilaQ93+A96FtJEo46kfiuoGkjr
6Bp2Xf1OVLfl6reCskw6mbqWK2m+SpOfUtBa/9H1FLpKktfXsbdDkE211uYakranpaAzC6p7E0lH
g3TteDQO+uIoTVg6HpqKejzsqvLr68hHBi2mzXG8f/lYsKBO1tJee6QH3QP1i66mq5niB/SA2W+N
td8eaa81Ujdvqwhb/HU4y2RZJ23tGAzTuOflUmFvX9X3e4qdbhp3XZRSqyOtV2mc7Hotj/E67PD0
Q/b6miRPsbpv1s3rba5LMrmZ7K3rkoXNNSldK204kg1HqYrss8+UP/tc4eFjhdFYYf9A1ulu7/sC
AFtCwAEAP7D5pT9GqV1I6gXlmatbBh0OpGf7QfNVmnJwuUxbWGYrabGWFqu0dWW5dq0qSw0C16lR
YBVT0FG5X92QvF35cV2urfpmwxQk5Xkad1vkKYTZbEEps+t+Iu1C6pRSt0wTUHrtoEFb6rdNg06q
2mgV1+d2723KUbJMNhgo+ENZpyM/eqDs6WeK52epPHxykbatLObyWb3O5/LlMt1grJby9Vq2CT/e
fokQUsl5XqS33/NCVpayVlsqWwrdntRuK3S7qbKkn94ptcFAYbSnMBrLBsM0ieAqKGmIOriTZVI+
lrWjPHRlrSey7pfy5WvZ+kxan8rXF7J4KVUX8vWlLM7k1Vzmdd+OuJJUSV7J3wk56kkuVkihkFuZ
goqsK2VdKesrZL20VaYYS/lIKvZl+X4KOsoDWbEvhSIda5O2YNXXgFzSuJsaV/Zarkdj6bND0/nM
NV1Ik1naOjdfumZL17JK16BVlba5rKNUxRR0RPfrMEOuMk9hRZmna0OnTE2I+600VnvUTYHpXs90
0A8adkxlblcTVTaZX4y/on2v+dW1LnvPLSrtrKWn/Yf6j2OlLwZPtaxWWn5gpVA376ibd9Qvunrc
P9ag7H3sGXwQrycnWVkqjPdlWabY66fQ84sv5RfnirPLesvKVD67lGYzxcU8XYsWC9l6LVXrFHy8
FYBcha0hyOoAQ2WZrkutUla2pFY7TT/p9RS6PYXB8KqCI4z3FPb2UuDR6dJEFEBjcfUCgB+xeWex
XZjy4GoX6Rf+1Tq9c7mq0jpbSpO562Je9+lYpHW2lGabm4616r4dqWF+Vd90VG6q4rsBh5kry1Kg
kQcpz0ytPN1YtOoQI+2LT701+i1TvyUNO6l0vMz96qalzNM7rel50tjX0LD76I9m6Z1rM5P1+srK
lnw4klZr+XKRwozzc8WLc8WzU/nkXPHsLPXnmFxIl++GHV6t3unX4XIpLxSKIu1jL0tZu6PQ7Urd
fuqxUQcYYbwn6w+uRsFuvl5FmcYx5nl6p7VJP5hNZYW7PBvIQkuW78l8Ka9msmoirU+l1Ym0fCWt
T+Srlyn0WJ3J1hdSNU0TWOJc2oQdervSoKh7a7TTpJO8J2WDt6o1DqV8r+61sSfLx/UWmpZkbVnW
Tp8rq6s/miNs8pjM1G+nMGLcTYHpfGWaLqTTy6izS+l0msbJns1MlwvXdFlfb6p0zVlXqkNVS82G
gyuz+lpSpOtIryUNu9JeL+hgYDropXC0U19nWvlmutJbWVx9jFGbbXofc56bwMTrKo5fTqFaeakH
3UP1iq4W1VKVxw+q3pCkPGTKLFMRcnXytrr57YwJvtrikQVpMExNO0d7Co/m0mKheHkpn1wonp7I
z84Uz04Vz09l04l8PlO8nEqLhbRcSKulfF2lsMM9hSdmsryQ5XlaO6lyxLq9dO3ppetSGv26n65J
nU4KOTbXpLKsx3BziwCgmbh6AcBPMJNyk/K/KHmwq1LwxVqazKMmdcAxnbsu5qb56scCjlS9sY51
WbnrRwOOzTuaRR1MtHJTkbtaudRthbdCDqnfSsFGv53ebb3astKs+7mt2AQGVrakspW2idR8sZBP
pwrTieL5qfziQvH8VPHiQmE6uQ44FosUiKzXKeSQrpopWlGkm4j6xiB0Oqmku9dX6A9SX43+MDUS
7fXTTUb7x2+kGhRtvMtMZm1JbVmWpr6YJMWFfH0mrc9lq9fS+iQ1I60DDl+fp0ak1Vzmi58JOErJ
WnXlRk/KUwNRZSOpPEwVGsVBCjayYaruuCc22+c2VVrSZteUab5ynV0Gnc2k87pP0PlMmi42zZCj
1tG0WPnV9rkY/WobSmauTmlq56Zeq75+dE3jrlLfnn7qA5KFFK78mBhdVXStK1cVP26UtsmVhxS+
ZiH14vgluWUaln0Ny/4vfu2dVIcc1q6300lXW1DCcpkCjrMz+XkdcJyd1o2RLxUup9JyKV/MpeVK
ipW8Djg2W1KU5Sl43QQcnY7U6abmxoNBam68t59Cjk5HVrR+8roEAE1EwAEAH8Hq/yuytC0k21R5
dEzLekvKOkqrdboBSO+ibvbJe71PPvX6uHpO24Qcm5DCrvtrZOnd101ZeVFvUSnqAKRdXocbn8QW
lF/J8kzqtGVZkMoi7Y3f30/VGovNu6P1lJWqSttTvO7FoU05eNqiohCu3zWtw45NRYe1WmndvCv6
qbBMCl1ZkclDKRXjNHGlmktxLouL69GyvpYpSl69W13koe6zkSmEzZSUlhTaUtZOz591payXKjzC
HWzMesM2TZGL3NRvpwC0V0r7/UzzlV9vjVuHukpMb22HS4HCZgtcHt7d8tYuTZ3C1Cld7XrX1c8H
DqZ1Jc3XrtU6hR0fKttcy3JTHqRm7SO6QZa2ISnLZZ2eggV5pyMbjRRmx/LVUlqt0lpV9YjZtcyV
GiVrs2vM0vjputeGFUVqJFpPS7m6HtWhRyhKecZkFAD3yyf02xYA3JyrMCJIWSuVckub8CK1fPOr
HhtWNxjd3ABYulHepCTv8HqiSXoOs/S1V/+s6y0mKQixtz7f7jnfK1me3kFttZX1++nbftW8T2+N
aax/Zj/XEfZqTdtMvP65Wgj1j37z+Sf0A7I8bSlR93q07I81FXW/aqb7F38d0h4jWb3+eNPRuqHr
1Ryh+8+kVN3Vtropct3EWOGd5sW+eVff3x6R9O71RXr3OvLDJsY/J7prHdM2mNVHVnBkls6lzNNW
uk/6GmYmKwp5lim02+nvhLv8amys9M716Oeaul798Ox6T9Fb1yU3paa7TdsaBwDvgYADAH6Ft35v
lCRleusXy7/86p/4/Je+5ueeEx/tqplAXTJ+U0/7C//86Xg7iNCPfiP4k/1xfnjd+fnrzU9ddz7+
u+51L6HF2jVZpMbKq+qXH/dDWbgei1vkn1YG+FM2fTq2+XeDbzOA+4xd2gAAAHgvm2KCKqaJLbOV
NF9FrT8y4EhTXEx5vSUPAIBfgwoOAAAAvBdX2o6yjq553WR5vrreEvMh8szqCg6pyNMIWwAAfg0C
DgAAgFuWtnm4FmtpvlIa8bpwTRdSr5Wmmwy7qZlwmdudmIxUxTQNar5KU1vmyzTV5ZdaQvyl1Hul
yNK42m4rNTol3wAA/FoEHAAAALdos81jHaXLhXRy6Xp9EfXi3PXizHU4MD0YBT2Vqd+yq/GuuxZd
dbjhOp+55ss08tqvJgy9T0LhdQ8RV5GncbW9Fk1GAQA3g4ADAABgS7weDV3FVAER3bSqR0dfLqWT
adSri6jnZ67vTlzfnrge7QUt11Flkanqu4o8jYPetU3AcTJ1nUxclwupqryu3ni/40vjrz01GM1T
BUe7MCZBAQBuBAEHAADAFkSX1lUKNiYLaTJPlQ9nl1FnM9fZZdqScna5+ffpQ5KqGLSqKv32OKhb
mgbtHZ+MpNU6Hed3p1Hfnkadz/2Dx8PmIQUanTKdVxGkeqIyU1QAAL8aAQcAAMCWRJdWleliFvXq
wvX8zPX8LOr780qvJ67FynS5kOYr12qdelxIrlWMWq5Ng470eM/kbjsPAKJL04Xr5bnr1XkKZ9xN
acPN+ymy1FS03zJ1ClORm4IINwAAN4OAAwAA4IZsqjaWa9fl0nUxSz0rXl6kPhvPz1zPz13fn7lO
Ll2rdQo2qnj9HGauVZXCj+Oh6cmea9z1q5Gqt92PY12lfiEXc+nNxPXiPJ3PdPHhFRxlbuq3TQd9
qd82FRnhBgDg5hBwAAAA3JB1lQKN00vXy/Oob06ivn0TdTZLPTcuZq7JQrqYu5arFGz8cALJqkrN
R6uYgpA/vYoqMmmvZzocmrrl7Z7TfJWO+eW568V5CmneTF2z5WY87Psrc2nQlo5HQcOuqbwDvUUA
APcHAQcAAMANqaJrMnd9fxr1zy+i/vG7Sv/4baX5Om3nqGLa0JGaj/74eNW3m5A+P4satKU8k9Yx
aNBxdcvbDQXmK+l0mrbWvDiXXl643kxSuPGhFRytQhp2Tcej1FekyLZzzACATxMBBwAAwA0xM2XB
1S5MrcLkLs1W0mzpsvfci7EZIytJZzPpmxOXFLWu0rjY+crUa6WPbW1XWVUpaFmupW9Por567frj
q6jvTqMmc1f1gcmGmeRytUtp3JMejU17vaBWsZ3jBwB8mgg4AAAAbkgwV6uQ+m2p10pbMiSX6ht8
e89xqhvTueulpVGzZqniwT3oeCh1StO2CiBWVdqCcjFL22T+8DLqjy+jTqauxeoDyzZqZlK7kIad
1FuECg4AwE0j4AAAALghwezqJn7YSWGHZSat9SHDRq5czF0Xc9fZpWm1Tp1IXVKZBx0OXB62M11l
[...]
ezJfuSf7erRMmjRJ6anJWrxooal7/njp6ekxjdnv38Ud3w0hISF66vG1cnd31+EjxyRJW7/arqTE
+fL0vLm9JdLTUhQY4K8tW78yalrU1zfo2PEMo32LipyphelpSklOHLU27EbcjDbsqcfXatrUcO3c
tdfodXc1vN7/zbeaMGGC5sbP1pI7FprqcPRnxXYIQ3Ouy5Uwf+6Q52RyUoIRcBQUFau5uVn+/qNT
GNrbqUZHu9OwrbZW8xAuvxH+Helf86OltYWAA8CQCDgAi3EeYytJb777wZDrO4cXmVnZWjnAeFvn
Lp+j2QN50uRJipg2Vecrq9TY1KSz584bM5Xk5ztCmsQE1+Epzr+j1Fck0+Mab6Ju1e7UkydN0g9f
ekHnzlcqMytH+YWFpkKKNTU1+nrnbu078I3WPLJi3Mcc0yUYzh5Yfq+OHD0uu92utrZ25RcWKSVp
8KB1tMTFzdKf/+LnKiwuVnZ2ropKTqmtzdG+lZWfVVn5We3ed0DPPPX4TZ8VaTg3ow2z2WxaumSx
FqanKTsnT9l5J1VaWmbsq6enR3n5BcrLL1BcXKyefvyxQXu2WK0dwuD61+UqLCrRP/2ffxvyZ2w2
m+x2+5XpvfO0dMniUTmW0f6raxv1LQK43RFwABbTv5ZGXV3dIGu6amltVWFxsebPNXdd9fZ2PCHp
6Ogc1Z4PKcmJOl/ZV7+hsKBIkTOmq6WlVWXlfWPTJ0+ePGCvEh9v81ObR1Y8rJnjfMMy2qZHTNP0
iGlas2qF6urrEgIPpwAAFY5JREFUVVZeoZKSEuWeLFBXV5c6Ojr00Sdb1Nvba5rGday5u7trwoQJ
xk1Uh1O9Fnz3+Pv5KSw0VBcu9tWIqDxfNSYBh9R3UzY3Pl5z4+Nlt9t1sbpapaXlyi8qVklJ3zSt
NTU1evN37+pnf/DDAduWsXIz27CrM8YsXJCmru5unT9fqTNlZcrJOWn8fykpOa033npHf/zznwz5
NN8q7RAG51yXS+rr6dk6QNHbwRw7njlqAUd7m6PnkvO1Rf+eGK3t7Rq4tK1ZW7v59/ClByGAYdxa
fbcBDMl5jO31On7CdVq4/jOKDFa47nokzJ9nvL7a9bmwuMToFZCS5Do8Req7gPd0Ko536Uq9jttV
SHCwUpMT9cxTT+gv/uyPTdNFfrn96wELAI4l51lRLl0eve8HrMnXqYt4W4c58BqrjlM2m03hYWFa
sniRfvjSD/Tzn/7YuInq6urS9h27xuZABjFWbZiHu7uiImdq+T3L9Cd/9DM9+dijxmeXa2p0+Oix
EW/rVm+HMDDnulzX48LFi8aDiBt16bLje+58beHh4WEaBnPxouu0ygMfm2M9T09P+fr2H55CD0MA
ZvTgACzEeYxtXNws/fClH4zo5yrOndevX/utJKmouERNTc2mWREmTgyRj4+30d379OnSUSswFxIc
rKjImSorP6vLNTW6WF2tAqcaIkkDzJ5y1cyZM4zpSQuKipWeljIqxzReTp8pNcbNTw0NHXSKvMCA
AD3x2KP61a9fk9Q3Nv581YVx7XI/PWKaamprJfVNGbtk8aJxOxaMv2anp8X9n6j27y3Q0ek6u8hI
9fT0qKDIUa8nNjra5UnwVTOmR+iB5ffq861fSer7ntrt9nEdqjZabVhjY5POnjsnSZrg5qa5c+IH
XXfhgjQVFhUbtZpOnSnVsruWGp9buR2Cq/51uX72Bz8c0Yw9kvTOe+tUeKUeVkZmtiKmTb2hY7Hb
7TpdWmYsR0SYtxcdNdOYOrmouGRE50OR0/kfGTnDpXepc3sz0ExGAL576MEBWET/MbbX0iV8xvQI
TZo40dhOVm6u6XObzab4OMcUhMdOZAxbd+Hqze5IOBcRzck5qeIrXcnDw0KHDFKcp0U8mV+g6kuX
ht1XbU2turpG8yJn9G6O9uw/qA/WbdAH6zbo0JGhn6pODQ8z3Zh13WDBwhs1O26W8bqwuMQ0O8RA
LtPL47ZVW1tnzIAk9dVycObp6Sl3d3en9YduK2pqBv/czc1N69ZvMs6bM2WlQ24rYpqjx0FPT4+6
+9XBGGuj1YbV1tUb/wbvfvChWluHHn4QMd3x79DZr+2wcjsEV851uUJCQq5pGFRysuNvc2Z29pA9
dOx2uyrOnR9ye0UlJWpudsyU0n/K+cT5jgcaJwvMNV8GUldfr5w8p+nk581zWcfPz894fXmItmQk
n19F1Q/A2gg4AItwHmM7YcIEzb/Gad1Skh2ByPHjmS6fL1qQZryurLqgo8dODLqtnNyTys7NG/G+
E+bPMy6S9x38Rp1XLt6ThwlpFqSlydvbS1LfxdWGTR8POTNBbW2dXv/dO3rtt79TfUPDoOtdC09P
x41ae3vHDRXcjI2JMl5n5eYNeZNyvrLKtK/gkODr3u9oSEyYJy+vvv8XPT09+mLbV4OuW1NTq23b
d4zVoWEM9fb2asvnXxrLNpvNNP3zVdOdntxm5wzeVpRXnNP+b74d9HObzabY2Ghj+fDRE0OegxVX
ejlIfT0QPNzHt6PqaLVhERFTTdO/Hjl+fMj9nj3r+HcICTa3HVZuh+DKuS5XalLiNfVYmjcn3ggj
W1vbVOjUW2IgmzZ/quaWlgE/6+rq0ravdhrL06aGa2p4mGmd+fPmGN/Hnp4effzZF+rt7R1we729
vfr0s61GeOPn56vUlCSX9Zx7nZzMLxj0AUdzc7O2bN02xG/n4OnpGFrW3kHNKcBqCDgAi3AeYzt3
Trxx0TxSzkNBBqrlERMTrfjZjqeNn36+Vbv27jNd/DY3N+vrnbv14caPrmnfAQH+xpSFzk+IkgaY
PcWZt7eXVq9cYSyfr6zS62++rbLyCtN6XV1dOnY8Q//+n6+roaFR5yurlJGZ3X9z1yUo0FF7oqOj
Q8eOO3q39J8lYTiL0tON7vXNzc16/c3fKb+w0HSBZ7fbVVhUrN9/uNF4b9rUcJen5GPN09NTDyy/
x1jOzcvXuvWbTE/fu7q7dSIzW//5+pvXVOAOt77e3l6Vlp3Vb3/3jopKSoz3Fy5IM9VnuWqeUwCb
l1+gLV98qZbWVuO9xqYm7d1/UG+8+faw59G9TsMrSkpO6f3fb3B5ktzV1aVvDx3RV1876m4MNP30
WButNszD3V133bnEWP56x259+dUOlyfgjY1N2vLFl6Yb1cR+wwCt3A7BrP/f8qSkof+m9ufl5aV5
TsOdjmcMXcuj+tIlvfaG6/fl3PlKvfn2e7pY7aiX8dCDy11+fsKECXpi7RpjuaTklN59/0OXul+1
NbV67/frVVTsaGsee3S1PJxq2lzlPFyrsbFJb7+/ztRTqqurS5nZOfqP136rmhHWFwsOcgR5GZnZ
xsOla/2bD2B8UIMDsID+Y2yTBynMOZSw0FCFh4UZFfYzMrNNBeQk6bFHV+k3b7ylxsYm2e127di5
Rzt37VVgYIB6e3vV1OToeurv72/qijqclMQEnTp12liOmDZVkyYNX0N9QXqqqi5c1DeHDkvq613y
2m/fUlBQoCaGhKijo0M1tbXq6Og0fiYxYZ7uu+fuER/bUMLDQhUQ4G/87h9v+Vzbtu+Q2wQ3LVm0
SA/cf++It+Xn56tnnnpc732w/soMEJf03gfr5eXlpclX/i3q6utNoZK7u7sed7ogHE93Lr5DhcWn
dPpKTYGcvJPKyTspfz8/eXh6qL6+wQh/fLy9jXH+sIbc3JMqKzvr8n5PT4+ampqMnldXTY+YplUr
HhpwWwvS0/TNt0fU0Ng3lOnQ4aM6dPiogoOD1NnRaQrAnGfoGUhsbIzuuXup9h34RpKUX1io/MJC
BQT4a2JwsNo7OlRXV286vomTJmr5ffcMtskxNVpt2L333K0zpaUqLTsru92u/Qe/0f6D32jipIkK
9PdTU1OL6urrTTeeCfPnad4cc28/q7dDcHCuyxUWOkXhYWFDrD2w5OQE5eSdlNRXF6Oxqcml8LjU
972ZMGGCLtfU6L0P1svNzU1BQUFqb28zTdcsSempyZoze/aA+4uLi9XDD92v7VfCyKKSEhX9a4km
TZqkAH8/NTe3uAQe9y67S4nzXYenSH1DcOfMnm3UEjlzplT/8m+/lr+fn9zc3NTU3Gz8XRqurTGO
cVaM8gv7rrkqqy7of/7zvyggwF8tLa36x7/761GbZQ7AzcEZCliA8xhbLy9PzXHqaXEtUlMcQ0IG
Gm8bEhysH778gukpnd1uV0NDoyncWLggTatWPnxN+543b47posB5yMxw1qxaoTWrVpiKiTU0NKq0
rFyVVRdMNwbL71mm5559etQKC06YMEGP9LuJa2tvV0tL63UNV5kbH6+XfvB9U2HGjo4Ona+s0vnK
KtNNRUhIsH70youaMT3i+n+BUTRhwgS98P1nTfVaJKm5pUV1dfXGv0d0VKSeenLteBwibkBbe7uq
L11y+a+mttYl3FiQnqofvfKSMWypP18fH734g+8rMNB8o1Rf32AKN6ZHTDPN+jGYFQ89oIceXG46
r5uamlVecU4Xqy+Zji8mOlI/efXlQYuRjofRaMM83N318gvPKzHBfKNXW1OrsvIK1dTWmsKNxXcs
0PefeXLA47FyO4Q+LnW5kl2Hb4zE7Lg44zy22+3KyskdcL2Q4L7vweTJk43919XVuYQbqcmJemKY
c/q+ZXfribVrTD1Ra2pqjGLkV3l6eGjNqhVa8dADQ27vmaceV3TUTNN7zS0tamxqMv4u+fv5jbgw
e3p6qmmKabvdrsbGJvX09NzQMFUAY4MeHIAFOI+xnT9v7oDdNEciKSFB27b3jZFta2tXQWGREvsN
EwkLDdUv/vCnOnr8hHJy8nTpco06u7oUEBCgmKiZWpCeruiomSopOT3QLgbl6+Oj+NlxKigskiQl
DFAsbChLlyxWUkKCMrKyVFRcokuXa9TS0ip3d3eFBAcrNiZaCxekuYz5HQ2pyUkK9PfX7v0HVXG2
Qj29vQoOChp09oHhzImfrb/88z9RRmaWiopPqeriBbW09HXfDwjw17TwqZo3N17JSQnX/f/6ZvH2
9tIrLz2v3LyTOpGRrcqqKrW0tsrP11cR06YpOTlRyYnzVTpATwBYk5ubm3x9fDRlyiRFR0YpLS15
REMVIqZN1Z/+0c916MhRncwv0OWaGnV398jf30/Tp0UoIWGeUpISVO5UL2IwNptNy+9ZptSkJB07
kaEzpaW6dLlGbW3tcnd3V2BgoGbOiFByYoJmx80a15lTBjMabZiXl5ee/94zKj9boczsbJWVnVVD
Q6PaOzrk7eWliRNDFBMVpbS0lGHbQiu3QzDX5ZKk5GGGfA7Gw91dCfPn6sSV4SnHj2do2dI7Xdbz
8fVR6JQp+sUf/lTHj2coN79A1Rer1dbeLn9/P82YPl0L01IVHz+yBzCLFqZr3tx4ncjMUmFRsS7X
1KqlpVW+Pj6aNDFE8fGzlZ6aoqCgwGG35evrox+/+rIys3KUmZ2jyqoqtbd3yNfHR6GhUzRnzmzd
sSBdXl5estlsw4YUnh4e+smPXtHuvQeUk5enhoZGeXt5KTw89JZsWwCY2do7OokiAQCjqqCwSO9+
8KEkycfHW3/3178c5yMCAADA7Y4hKgCAUXex2lHkLcDffxyPBAAAAN8VBBwAgBE7dPjooNPwOcu9
UrROkqKiIm/mIQEAAACSCDgAACOUk5enLV98qQ2bPh4y5Dhy9LjOV1YZy0mDVL8HAAAARhMBBwBg
WL29vdq67WtJUl5+gX7zxls6dfqMqVhbW1u7duzco08++8J4LzoqUrNmxY758QIAAOC7hyKjAIAR
KSwq1nu/X2+aitLX10cTQ0LU1dWt6kuXTIFHYGCAfv6TH4+oCj4AAABwowg4AAAjVlZeoY8//UzV
ly4NuV50VKS+9/SThBsAAAAYMwQcAIBrYrfbdfpMqQoLi3W6tFS1dfWy9/YqICBAkZEzlJyYoPjZ
ceN9mAAAAPiOIeAAAAAAAACWR5FRAAAAAABgeQQcAAAAAADA8gg4AAAAAACA5RFwAAAAAAAAyyPg
AAAAAAAAlkfAAQAAAAAALI+AAwAAAAAAWB4BBwAAAAAAsDwCDgAAAAAAYHkEHAAAAAAAwPIIOAAA
AAAAgOURcAAAAAAAAMsj4AAAAAAAAJZHwAEAAAAAACyPgAMAAAAAAFgeAQcAAAAAALA8Ag4AAAAA
AGB5BBwAAAAAAMDyCDgAAAAAAIDlEXAAAAAAAADLI+AAAAAAAACWR8ABAAAAAAAsj4ADAAAAAABY
HgEHAAAAAACwPAIOAAAAAABgeQQcAAAAAADA8gg4AAAAAACA5RFwAAAAAAAAyyPgAAAAAAAAlkfA
AQAAAAAALI+AAwAAAAAAWB4BBwAAAAAAsDwCDgAAAAAAYHkEHAAAAAAAwPIIOAAAAAAAgOURcAAA
AAAAAMsj4AAAAAAAAJZHwAEAAAAAACyPgAMAAAAAAFgeAQcAAAAAALA8Ag4AAAAAAGB5BBwAAAAA
AMDyCDgAAAAAAIDlEXAAAAAAAADLI+AAAAAAAACWR8ABAAAAAAAsj4ADAAAAAABYnk2SfbwPAgAA
AAAA4EbQgwMAAAAAAFgeAQcAAAAAALA8Ag4AAAAAAGB5BBwAAAAAAMDyCDgAAAAAAIDlEXAAAAAA
AADLI+AAAAAAAACWR8ABAAAAAAAsj4ADAAAAAABYHgEHAAAAAACwPAIOAAAAAABgeQQcAAAAAADA
8gg4AAAAAACA5RFwAAAAAAAAyyPgAAAAAAAAlkfAAQAAAAAALI+AAwAAAAAAWB4BBwAAAAAAsDwC
DgAAAAAAYHkEHAAAAAAAwPIIOAAAAAAAgOURcAAAAAAAAMsj4AAAAAAAAJZHwAEAAAAAACyPgAMA
AAAAAFgeAQcAAAAAALA8Ag4AAAAAAGB5BBwAAAAAAMDyCDgAAAAAAIDlEXAAAAAAAADLI+AAAAAA
AACWR8ABAAAAAAAsj4ADAAAAAABYHgEHAAAAAACwPAIOAAAAAABgeQQcAAAAAADA8gg4AAAAAACA
5RFwAAAAAAAAyyPgAAAAAAAAlkfAAQAAAAAALI+AAwAAAAAAWB4BBwAAAAAAsDwCDgAAAAAAYHkE
HAAAAAAAwPIIOAAAAAAAgOURcAAAAAAAAMsj4AAAAAAAAJZHwAEAAAAAACyPgAMAAAAAAFgeAQcA
AAAAALA8Ag4AAAAAAGB5BBwAAAAAAMDyCDgAAAAAAIDlEXAAAAAAAADLI+AAAAAAAACWR8ABAAAA
AAAsj4ADAAAAAABYHgEHAAAAAACwPAIOAAAAAABgeQQcAAAAAADA8gg4AAAAAACA5RFwAAAAAAAA
yyPgAAAAAAAAlkfAAQAAAAAALI+AAwAAAAAAWB4BBwAAAAAAsDwCDgAAAAAAYHkEHAAAAAAAwPII
OAAAAAAAgOURcAAAAAAAAMsj4AAAAAAAAJZHwAEAAAAAACyPgAMAAAAAAFgeAQcAAAAAALA8Ag4A
AAAAAGB5BBwAAAAAAMDyCDgAAAAAAIDlEXAAAAAAAADLI+AAAAAAAACWR8ABAAAAAAAsj4ADAAAA
AABYHgEHAAAAAACwPAIOAAAAAABgeQQcAAAAAADA8gg4AAAAAACA5RFwAAAAAAAAyyPgAAAAAAAA
lkfAAQAAAAAALI+AAwAAAAAAWB4BBwAAAAAAsDwCDgAAAAAAYHkEHAAAAAAAwPIIOAAAAAAAgOUR
cAAAAAAAAMsj4AAAAAAAAJZHwAEAAAAAACyPgAMAAAAAAFgeAQcAAAAAALA8Ag4AAAAAAGB5BBwA
AAAAAMDyCDgAAAAAAIDlEXAAAAAAAADLI+AAAAAAAACWR8ABAAAAAAAsj4ADAAAAAABYHgEHAAAA
AACwPAIOAAAAAABgeQQcAAAAAADA8gg4AAAAAACA5RFwAAAAAAAAyyPgAAAAAAAAlkfAAQAAAAAA
LI+AAwAAAAAAWB4BBwAAAAAAsDwCDgAAAAAAYHkEHAAAAAAAwPIIOAAAAAAAgOURcAAAAAAAAMsj
4AAAAAAAAJZHwAEAAAAAACyPgAMAAAAAAFgeAQcAAAAAALA8Ag4AAAAAAGB5BBwAAAAAAMDyCDgA
AAAAAIDlEXAAAAAAAADLI+AAAAAAAACWR8ABAAAAAAAsj4ADAAAAAABYHgEHAAAAAACwPAIOAAAA
AABgef8/NJIr26pW/7cAAAAASUVORK5CYII=
" width="800px"&gt;</msg>
<status status="PASS" starttime="20231124 14:34:46.836" endtime="20231124 14:34:47.323"/>
</kw>
<msg timestamp="20231124 14:34:47.323" level="INFO">xpath criteria: /hierarchy/android.widget.FrameLayout/android.widget.LinearLayout/android.widget.FrameLayout/android.widget.LinearLayout/android.widget.FrameLayout/android.view.ViewGroup/android.widget.RelativeLayout/android.widget.FrameLayout/android.support.v7.widget.RecyclerView/android.widget.RelativeLayout[2]/android.widget.LinearLayout/android.widget.LinearLayout[2]
xpath criteria: /hierarchy/android.widget.FrameLayout/android.widget.LinearLayout/android.widget.FrameLayout/android.widget.LinearLayout/android.widget.FrameLayout/android.view.ViewGroup/android.widget.RelativeLayout/android.widget.FrameLayout/android.support.v7.widget.RecyclerView/android.widget.RelativeLayout[2]/android.widget.LinearLayout/android.widget.LinearLayout[2]
xpath criteria: /hierarchy/android.widget.FrameLayout/android.widget.LinearLayout/android.widget.FrameLayout/android.widget.LinearLayout/android.widget.FrameLayout/android.view.ViewGroup/android.widget.RelativeLayout/android.widget.FrameLayout/android.support.v7.widget.RecyclerView/android.widget.RelativeLayout[2]/android.widget.LinearLayout/android.widget.LinearLayout[2]
xpath criteria: /hierarchy/android.widget.FrameLayout/android.widget.LinearLayout/android.widget.FrameLayout/android.widget.LinearLayout/android.widget.FrameLayout/android.view.ViewGroup/android.widget.RelativeLayout/android.widget.FrameLayout/android.support.v7.widget.RecyclerView/android.widget.RelativeLayout[2]/android.widget.LinearLayout/android.widget.LinearLayout[2]
xpath criteria: /hierarchy/android.widget.FrameLayout/android.widget.LinearLayout/android.widget.FrameLayout/android.widget.LinearLayout/android.widget.FrameLayout/android.view.ViewGroup/android.widget.RelativeLayout/android.widget.FrameLayout/android.support.v7.widget.RecyclerView/android.widget.RelativeLayout[2]/android.widget.LinearLayout/android.widget.LinearLayout[2]
xpath criteria: /hierarchy/android.widget.FrameLayout/android.widget.LinearLayout/android.widget.FrameLayout/android.widget.LinearLayout/android.widget.FrameLayout/android.view.ViewGroup/android.widget.RelativeLayout/android.widget.FrameLayout/android.support.v7.widget.RecyclerView/android.widget.RelativeLayout[2]/android.widget.LinearLayout/android.widget.LinearLayout[2]
xpath criteria: /hierarchy/android.widget.FrameLayout/android.widget.LinearLayout/android.widget.FrameLayout/android.widget.LinearLayout/android.widget.FrameLayout/android.view.ViewGroup/android.widget.RelativeLayout/android.widget.FrameLayout/android.support.v7.widget.RecyclerView/android.widget.RelativeLayout[2]/android.widget.LinearLayout/android.widget.LinearLayout[2]
xpath criteria: /hierarchy/android.widget.FrameLayout/android.widget.LinearLayout/android.widget.FrameLayout/android.widget.LinearLayout/android.widget.FrameLayout/android.view.ViewGroup/android.widget.RelativeLayout/android.widget.FrameLayout/android.support.v7.widget.RecyclerView/android.widget.RelativeLayout[2]/android.widget.LinearLayout/android.widget.LinearLayout[2]
xpath criteria: /hierarchy/android.widget.FrameLayout/android.widget.LinearLayout/android.widget.FrameLayout/android.widget.LinearLayout/android.widget.FrameLayout/android.view.ViewGroup/android.widget.RelativeLayout/android.widget.FrameLayout/android.support.v7.widget.RecyclerView/android.widget.RelativeLayout[2]/android.widget.LinearLayout/android.widget.LinearLayout[2]
xpath criteria: /hierarchy/android.widget.FrameLayout/android.widget.LinearLayout/android.widget.FrameLayout/android.widget.LinearLayout/android.widget.FrameLayout/android.view.ViewGroup/android.widget.RelativeLayout/android.widget.FrameLayout/android.support.v7.widget.RecyclerView/android.widget.RelativeLayout[2]/android.widget.LinearLayout/android.widget.LinearLayout[2]
xpath criteria: /hierarchy/android.widget.FrameLayout/android.widget.LinearLayout/android.widget.FrameLayout/android.widget.LinearLayout/android.widget.FrameLayout/android.view.ViewGroup/android.widget.RelativeLayout/android.widget.FrameLayout/android.support.v7.widget.RecyclerView/android.widget.RelativeLayout[2]/android.widget.LinearLayout/android.widget.LinearLayout[2]
xpath criteria: /hierarchy/android.widget.FrameLayout/android.widget.LinearLayout/android.widget.FrameLayout/android.widget.LinearLayout/android.widget.FrameLayout/android.view.ViewGroup/android.widget.RelativeLayout/android.widget.FrameLayout/android.support.v7.widget.RecyclerView/android.widget.RelativeLayout[2]/android.widget.LinearLayout/android.widget.LinearLayout[2]
xpath criteria: /hierarchy/android.widget.FrameLayout/android.widget.LinearLayout/android.widget.FrameLayout/android.widget.LinearLayout/android.widget.FrameLayout/android.view.ViewGroup/android.widget.RelativeLayout/android.widget.FrameLayout/android.support.v7.widget.RecyclerView/android.widget.RelativeLayout[2]/android.widget.LinearLayout/android.widget.LinearLayout[2]
xpath criteria: /hierarchy/android.widget.FrameLayout/android.widget.LinearLayout/android.widget.FrameLayout/android.widget.LinearLayout/android.widget.FrameLayout/android.view.ViewGroup/android.widget.RelativeLayout/android.widget.FrameLayout/android.support.v7.widget.RecyclerView/android.widget.RelativeLayout[2]/android.widget.LinearLayout/android.widget.LinearLayout[2]
xpath criteria: /hierarchy/android.widget.FrameLayout/android.widget.LinearLayout/android.widget.FrameLayout/android.widget.LinearLayout/android.widget.FrameLayout/android.view.ViewGroup/android.widget.RelativeLayout/android.widget.FrameLayout/android.support.v7.widget.RecyclerView/android.widget.RelativeLayout[2]/android.widget.LinearLayout/android.widget.LinearLayout[2]
xpath criteria: /hierarchy/android.widget.FrameLayout/android.widget.LinearLayout/android.widget.FrameLayout/android.widget.LinearLayout/android.widget.FrameLayout/android.view.ViewGroup/android.widget.RelativeLayout/android.widget.FrameLayout/android.support.v7.widget.RecyclerView/android.widget.RelativeLayout[2]/android.widget.LinearLayout/android.widget.LinearLayout[2]
xpath criteria: /hierarchy/android.widget.FrameLayout/android.widget.LinearLayout/android.widget.FrameLayout/android.widget.LinearLayout/android.widget.FrameLayout/android.view.ViewGroup/android.widget.RelativeLayout/android.widget.FrameLayout/android.support.v7.widget.RecyclerView/android.widget.RelativeLayout[2]/android.widget.LinearLayout/android.widget.LinearLayout[2]
xpath criteria: /hierarchy/android.widget.FrameLayout/android.widget.LinearLayout/android.widget.FrameLayout/android.widget.LinearLayout/android.widget.FrameLayout/android.view.ViewGroup/android.widget.RelativeLayout/android.widget.FrameLayout/android.support.v7.widget.RecyclerView/android.widget.RelativeLayout[2]/android.widget.LinearLayout/android.widget.LinearLayout[2]
xpath criteria: /hierarchy/android.widget.FrameLayout/android.widget.LinearLayout/android.widget.FrameLayout/android.widget.LinearLayout/android.widget.FrameLayout/android.view.ViewGroup/android.widget.RelativeLayout/android.widget.FrameLayout/android.support.v7.widget.RecyclerView/android.widget.RelativeLayout[2]/android.widget.LinearLayout/android.widget.LinearLayout[2]
xpath criteria: /hierarchy/android.widget.FrameLayout/android.widget.LinearLayout/android.widget.FrameLayout/android.widget.LinearLayout/android.widget.FrameLayout/android.view.ViewGroup/android.widget.RelativeLayout/android.widget.FrameLayout/android.support.v7.widget.RecyclerView/android.widget.RelativeLayout[2]/android.widget.LinearLayout/android.widget.LinearLayout[2]
xpath criteria: /hierarchy/android.widget.FrameLayout/android.widget.LinearLayout/android.widget.FrameLayout/android.widget.LinearLayout/android.widget.FrameLayout/android.view.ViewGroup/android.widget.RelativeLayout/android.widget.FrameLayout/android.support.v7.widget.RecyclerView/android.widget.RelativeLayout[2]/android.widget.LinearLayout/android.widget.LinearLayout[2]
xpath criteria: /hierarchy/android.widget.FrameLayout/android.widget.LinearLayout/android.widget.FrameLayout/android.widget.LinearLayout/android.widget.FrameLayout/android.view.ViewGroup/android.widget.RelativeLayout/android.widget.FrameLayout/android.support.v7.widget.RecyclerView/android.widget.RelativeLayout[2]/android.widget.LinearLayout/android.widget.LinearLayout[2]
xpath criteria: /hierarchy/android.widget.FrameLayout/android.widget.LinearLayout/android.widget.FrameLayout/android.widget.LinearLayout/android.widget.FrameLayout/android.view.ViewGroup/android.widget.RelativeLayout/android.widget.FrameLayout/android.support.v7.widget.RecyclerView/android.widget.RelativeLayout[2]/android.widget.LinearLayout/android.widget.LinearLayout[2]
xpath criteria: /hierarchy/android.widget.FrameLayout/android.widget.LinearLayout/android.widget.FrameLayout/android.widget.LinearLayout/android.widget.FrameLayout/android.view.ViewGroup/android.widget.RelativeLayout/android.widget.FrameLayout/android.support.v7.widget.RecyclerView/android.widget.RelativeLayout[2]/android.widget.LinearLayout/android.widget.LinearLayout[2]
xpath criteria: /hierarchy/android.widget.FrameLayout/android.widget.LinearLayout/android.widget.FrameLayout/android.widget.LinearLayout/android.widget.FrameLayout/android.view.ViewGroup/android.widget.RelativeLayout/android.widget.FrameLayout/android.support.v7.widget.RecyclerView/android.widget.RelativeLayout[2]/android.widget.LinearLayout/android.widget.LinearLayout[2]</msg>
<msg timestamp="20231124 14:34:47.324" level="FAIL">Element locator 'xpath=/hierarchy/android.widget.FrameLayout/android.widget.LinearLayout/android.widget.FrameLayout/android.widget.LinearLayout/android.widget.FrameLayout/android.view.ViewGroup/android.widget.RelativeLayout/android.widget.FrameLayout/android.support.v7.widget.RecyclerView/android.widget.RelativeLayout[2]/android.widget.LinearLayout/android.widget.LinearLayout[2]' did not match any elements after 10 seconds</msg>
<status status="FAIL" starttime="20231124 14:34:36.171" endtime="20231124 14:34:47.324"/>
</kw>
<kw name="Click Element" library="AppiumLibrary">
<arg>${element}</arg>
<doc>Click element identified by `locator`.</doc>
<status status="NOT RUN" starttime="20231124 14:34:47.324" endtime="20231124 14:34:47.324"/>
</kw>
<status status="FAIL" starttime="20231124 14:34:36.170" endtime="20231124 14:34:47.324"/>
</kw>
<status status="FAIL" starttime="20231124 14:34:36.168" endtime="20231124 14:34:47.324"/>
</kw>
<kw name="Check in cart" library="Operations">
<status status="NOT RUN" starttime="20231124 14:34:47.326" endtime="20231124 14:34:47.326"/>
</kw>
<tag>AddCart</tag>
<status status="FAIL" starttime="20231124 14:34:31.614" endtime="20231124 14:34:47.326">Element locator 'xpath=/hierarchy/android.widget.FrameLayout/android.widget.LinearLayout/android.widget.FrameLayout/android.widget.LinearLayout/android.widget.FrameLayout/android.view.ViewGroup/android.widget.RelativeLayout/android.widget.FrameLayout/android.support.v7.widget.RecyclerView/android.widget.RelativeLayout[2]/android.widget.LinearLayout/android.widget.LinearLayout[2]' did not match any elements after 10 seconds</status>
</test>
<status status="FAIL" starttime="20231124 14:32:40.972" endtime="20231124 14:34:47.328"/>
</suite>
<statistics>
<total>
<stat pass="1" fail="1" skip="0">All Tests</stat>
</total>
<tag>
<stat pass="0" fail="1" skip="0">AddCart</stat>
<stat pass="1" fail="0" skip="0">BasicDetails</stat>
</tag>
<suite>
<stat pass="1" fail="1" skip="0" id="s1" name="TestCase Num1">TestCase Num1</stat>
</suite>
</statistics>
<errors>
</errors>
</robot>
